<?xml version="1.0" encoding="UTF-8"?>
<!-- Generated by org.testng.reporters.JUnitXMLReporter -->
<testsuite hostname="LAPTOP-5V4ABVJ7" name="Surefire test" tests="45" failures="0" timestamp="21 Nov 2016 18:44:28 GMT" time="3.997" errors="0">
  <testcase name="testCreateCourse" time="0.196" classname="org.muni.fi.pa165.lang_school.DAO.CourseDAOTest"/>
  <testcase name="testCreateNullCourse" time="0.001" classname="org.muni.fi.pa165.lang_school.DAO.CourseDAOTest"/>
  <testcase name="testDeleteCourse" time="0.007" classname="org.muni.fi.pa165.lang_school.DAO.CourseDAOTest"/>
  <testcase name="testDeleteNullCourse" time="0.0" classname="org.muni.fi.pa165.lang_school.DAO.CourseDAOTest"/>
  <testcase name="testDuplicateId" time="0.003" classname="org.muni.fi.pa165.lang_school.DAO.CourseDAOTest"/>
  <testcase name="testReadById" time="0.005" classname="org.muni.fi.pa165.lang_school.DAO.CourseDAOTest"/>
  <testcase name="testReadByNullId" time="0.004" classname="org.muni.fi.pa165.lang_school.DAO.CourseDAOTest"/>
  <testcase name="testUpdateCourse" time="0.017" classname="org.muni.fi.pa165.lang_school.DAO.CourseDAOTest"/>
  <testcase name="testUpdateNullCourse" time="0.0" classname="org.muni.fi.pa165.lang_school.DAO.CourseDAOTest"/>
  <testcase name="testCreate" time="0.028" classname="org.muni.fi.pa165.lang_school.DAO.LectureDAOTest"/>
  <testcase name="testCreateNullCourse" time="0.0" classname="org.muni.fi.pa165.lang_school.DAO.LectureDAOTest"/>
  <testcase name="testDeleteCourse" time="0.003" classname="org.muni.fi.pa165.lang_school.DAO.LectureDAOTest"/>
  <testcase name="testDeleteNullCourse" time="0.0" classname="org.muni.fi.pa165.lang_school.DAO.LectureDAOTest"/>
  <testcase name="testFindByCodeAndTopicMatchMultiple" time="0.017" classname="org.muni.fi.pa165.lang_school.DAO.LectureDAOTest"/>
  <testcase name="testFindByCodeAndTopicNoMatchCode" time="0.004" classname="org.muni.fi.pa165.lang_school.DAO.LectureDAOTest"/>
  <testcase name="testFindByCodeAndTopicNoMatchTopic" time="0.003" classname="org.muni.fi.pa165.lang_school.DAO.LectureDAOTest"/>
  <testcase name="testFindByCodeAndTopicOneMatch" time="0.005" classname="org.muni.fi.pa165.lang_school.DAO.LectureDAOTest"/>
  <testcase name="testReadByColumn" time="0.01" classname="org.muni.fi.pa165.lang_school.DAO.LectureDAOTest"/>
  <testcase name="testReadById" time="0.004" classname="org.muni.fi.pa165.lang_school.DAO.LectureDAOTest"/>
  <testcase name="testReadByNullId" time="0.002" classname="org.muni.fi.pa165.lang_school.DAO.LectureDAOTest"/>
  <testcase name="testUpdateCourse" time="0.011" classname="org.muni.fi.pa165.lang_school.DAO.LectureDAOTest"/>
  <testcase name="testUpdateNullCourse" time="0.001" classname="org.muni.fi.pa165.lang_school.DAO.LectureDAOTest"/>
  <testcase name="testCreateLecturer" time="0.012" classname="org.muni.fi.pa165.lang_school.DAO.LecturerDAOTest"/>
  <testcase name="testCreateNullLecturer" time="0.0" classname="org.muni.fi.pa165.lang_school.DAO.LecturerDAOTest"/>
  <testcase name="testDeleteLecturer" time="0.007" classname="org.muni.fi.pa165.lang_school.DAO.LecturerDAOTest"/>
  <testcase name="testDeleteNullLecturer" time="0.0" classname="org.muni.fi.pa165.lang_school.DAO.LecturerDAOTest"/>
  <testcase name="testDuplicateId" time="0.002" classname="org.muni.fi.pa165.lang_school.DAO.LecturerDAOTest"/>
  <testcase name="testFindByName" time="0.009" classname="org.muni.fi.pa165.lang_school.DAO.LecturerDAOTest"/>
  <testcase name="testReadByColumn" time="0.009" classname="org.muni.fi.pa165.lang_school.DAO.LecturerDAOTest"/>
  <testcase name="testReadById" time="0.005" classname="org.muni.fi.pa165.lang_school.DAO.LecturerDAOTest"/>
  <testcase name="testReadByNullId" time="0.001" classname="org.muni.fi.pa165.lang_school.DAO.LecturerDAOTest"/>
  <testcase name="testUpdateLecturer" time="0.024" classname="org.muni.fi.pa165.lang_school.DAO.LecturerDAOTest"/>
  <testcase name="testUpdateNullLecturer" time="0.0" classname="org.muni.fi.pa165.lang_school.DAO.LecturerDAOTest"/>
  <testcase name="testCreateNullStudent" time="0.0" classname="org.muni.fi.pa165.lang_school.DAO.StudentDAOTest"/>
  <testcase name="testCreateStudent" time="0.01" classname="org.muni.fi.pa165.lang_school.DAO.StudentDAOTest"/>
  <testcase name="testDeleteNullStudent" time="0.0" classname="org.muni.fi.pa165.lang_school.DAO.StudentDAOTest"/>
  <testcase name="testDeleteStudent" time="0.002" classname="org.muni.fi.pa165.lang_school.DAO.StudentDAOTest"/>
  <testcase name="testDuplicateId" time="0.002" classname="org.muni.fi.pa165.lang_school.DAO.StudentDAOTest"/>
  <testcase name="testFindByIdNameAndSurname" time="0.008" classname="org.muni.fi.pa165.lang_school.DAO.StudentDAOTest"/>
  <testcase name="testFindByNameAndSurname" time="0.008" classname="org.muni.fi.pa165.lang_school.DAO.StudentDAOTest"/>
  <testcase name="testReadByColumn" time="0.009" classname="org.muni.fi.pa165.lang_school.DAO.StudentDAOTest"/>
  <testcase name="testReadById" time="0.003" classname="org.muni.fi.pa165.lang_school.DAO.StudentDAOTest"/>
  <testcase name="testReadByNullId" time="0.002" classname="org.muni.fi.pa165.lang_school.DAO.StudentDAOTest"/>
  <testcase name="testUpdateNullStudent" time="0.0" classname="org.muni.fi.pa165.lang_school.DAO.StudentDAOTest"/>
  <testcase name="testUpdateStudent" time="0.007" classname="org.muni.fi.pa165.lang_school.DAO.StudentDAOTest"/>
</testsuite> <!-- Surefire test -->
