<?xml version="1.0" encoding="UTF-8"?>
<testsuite name="TestSuite" time="0.41" tests="45" errors="0" skipped="0" failures="0">
  <properties>
[...]
</properties>
  <testcase name="testCreateCourse" classname="org.muni.fi.pa165.lang_school.DAO.CourseDAOTest" time="0.215"/>
  <testcase name="testCreateNullCourse" classname="org.muni.fi.pa165.lang_school.DAO.CourseDAOTest" time="0"/>
  <testcase name="testDeleteCourse" classname="org.muni.fi.pa165.lang_school.DAO.CourseDAOTest" time="0.004"/>
  <testcase name="testDeleteNullCourse" classname="org.muni.fi.pa165.lang_school.DAO.CourseDAOTest" time="0.001"/>
  <testcase name="testDuplicateId" classname="org.muni.fi.pa165.lang_school.DAO.CourseDAOTest" time="0.004"/>
  <testcase name="testReadById" classname="org.muni.fi.pa165.lang_school.DAO.CourseDAOTest" time="0.009"/>
  <testcase name="testReadByNullId" classname="org.muni.fi.pa165.lang_school.DAO.CourseDAOTest" time="0.007"/>
  <testcase name="testUpdateCourse" classname="org.muni.fi.pa165.lang_school.DAO.CourseDAOTest" time="0.02"/>
  <testcase name="testUpdateNullCourse" classname="org.muni.fi.pa165.lang_school.DAO.CourseDAOTest" time="0"/>
  <testcase name="testCreate" classname="org.muni.fi.pa165.lang_school.DAO.LectureDAOTest" time="0.025"/>
  <testcase name="testCreateNullCourse" classname="org.muni.fi.pa165.lang_school.DAO.LectureDAOTest" time="0"/>
  <testcase name="testDeleteCourse" classname="org.muni.fi.pa165.lang_school.DAO.LectureDAOTest" time="0.004"/>
  <testcase name="testDeleteNullCourse" classname="org.muni.fi.pa165.lang_school.DAO.LectureDAOTest" time="0"/>
  <testcase name="testFindByCodeAndTopicMatchMultiple" classname="org.muni.fi.pa165.lang_school.DAO.LectureDAOTest" time="0.014"/>
  <testcase name="testFindByCodeAndTopicNoMatchCode" classname="org.muni.fi.pa165.lang_school.DAO.LectureDAOTest" time="0.002"/>
  <testcase name="testFindByCodeAndTopicNoMatchTopic" classname="org.muni.fi.pa165.lang_school.DAO.LectureDAOTest" time="0.001"/>
  <testcase name="testFindByCodeAndTopicOneMatch" classname="org.muni.fi.pa165.lang_school.DAO.LectureDAOTest" time="0"/>
  <testcase name="testReadByColumn" classname="org.muni.fi.pa165.lang_school.DAO.LectureDAOTest" time="0.004"/>
  <testcase name="testReadById" classname="org.muni.fi.pa165.lang_school.DAO.LectureDAOTest" time="0.006"/>
  <testcase name="testReadByNullId" classname="org.muni.fi.pa165.lang_school.DAO.LectureDAOTest" time="0.003"/>
  <testcase name="testUpdateCourse" classname="org.muni.fi.pa165.lang_school.DAO.LectureDAOTest" time="0.002"/>
  <testcase name="testUpdateNullCourse" classname="org.muni.fi.pa165.lang_school.DAO.LectureDAOTest" time="0"/>
  <testcase name="testCreateLecturer" classname="org.muni.fi.pa165.lang_school.DAO.LecturerDAOTest" time="0.003"/>
  <testcase name="testCreateNullLecturer" classname="org.muni.fi.pa165.lang_school.DAO.LecturerDAOTest" time="0"/>
  <testcase name="testDeleteLecturer" classname="org.muni.fi.pa165.lang_school.DAO.LecturerDAOTest" time="0.001"/>
  <testcase name="testDeleteNullLecturer" classname="org.muni.fi.pa165.lang_school.DAO.LecturerDAOTest" time="0"/>
  <testcase name="testDuplicateId" classname="org.muni.fi.pa165.lang_school.DAO.LecturerDAOTest" time="0.005"/>
  <testcase name="testFindByName" classname="org.muni.fi.pa165.lang_school.DAO.LecturerDAOTest" time="0.005"/>
  <testcase name="testReadByColumn" classname="org.muni.fi.pa165.lang_school.DAO.LecturerDAOTest" time="0.008"/>
  <testcase name="testReadById" classname="org.muni.fi.pa165.lang_school.DAO.LecturerDAOTest" time="0.004"/>
  <testcase name="testReadByNullId" classname="org.muni.fi.pa165.lang_school.DAO.LecturerDAOTest" time="0.001"/>
  <testcase name="testUpdateLecturer" classname="org.muni.fi.pa165.lang_school.DAO.LecturerDAOTest" time="0.011"/>
  <testcase name="testUpdateNullLecturer" classname="org.muni.fi.pa165.lang_school.DAO.LecturerDAOTest" time="0"/>
  <testcase name="testCreateNullStudent" classname="org.muni.fi.pa165.lang_school.DAO.StudentDAOTest" time="0"/>
  <testcase name="testCreateStudent" classname="org.muni.fi.pa165.lang_school.DAO.StudentDAOTest" time="0.016"/>
  <testcase name="testDeleteNullStudent" classname="org.muni.fi.pa165.lang_school.DAO.StudentDAOTest" time="0"/>
  <testcase name="testDeleteStudent" classname="org.muni.fi.pa165.lang_school.DAO.StudentDAOTest" time="0.004"/>
  <testcase name="testDuplicateId" classname="org.muni.fi.pa165.lang_school.DAO.StudentDAOTest" time="0.009"/>
  <testcase name="testFindByIdNameAndSurname" classname="org.muni.fi.pa165.lang_school.DAO.StudentDAOTest" time="0.01"/>
  <testcase name="testFindByNameAndSurname" classname="org.muni.fi.pa165.lang_school.DAO.StudentDAOTest" time="0.003"/>
  <testcase name="testReadByColumn" classname="org.muni.fi.pa165.lang_school.DAO.StudentDAOTest" time="0.003"/>
  <testcase name="testReadById" classname="org.muni.fi.pa165.lang_school.DAO.StudentDAOTest" time="0.002"/>
  <testcase name="testReadByNullId" classname="org.muni.fi.pa165.lang_school.DAO.StudentDAOTest" time="0.003"/>
  <testcase name="testUpdateNullStudent" classname="org.muni.fi.pa165.lang_school.DAO.StudentDAOTest" time="0"/>
  <testcase name="testUpdateStudent" classname="org.muni.fi.pa165.lang_school.DAO.StudentDAOTest" time="0.001"/>
</testsuite>