<?xml version="1.0" encoding="UTF-8"?>
<testng-results skipped="0" failed="0" total="45" passed="45">
  <reporter-output>
  </reporter-output>
  <suite name="Surefire suite" duration-ms="4816" started-at="2016-11-21T20:06:42Z" finished-at="2016-11-21T20:06:47Z">
    <groups>
    </groups>
    <test name="Surefire test" duration-ms="4816" started-at="2016-11-21T20:06:42Z" finished-at="2016-11-21T20:06:47Z">
      <class name="org.muni.fi.pa165.lang_school.DAO.LectureDAOTest">
        <test-method status="PASS" signature="springTestContextBeforeTestClass()[pri:0, instance:org.muni.fi.pa165.lang_school.DAO.LectureDAOTest@45820e51]" name="springTestContextBeforeTestClass" is-config="true" duration-ms="0" started-at="2016-11-21T21:06:47Z" finished-at="2016-11-21T21:06:47Z">
          <reporter-output>
          </reporter-output>
        </test-method> <!-- springTestContextBeforeTestClass -->
        <test-method status="PASS" signature="springTestContextPrepareTestInstance()[pri:0, instance:org.muni.fi.pa165.lang_school.DAO.LectureDAOTest@45820e51]" name="springTestContextPrepareTestInstance" is-config="true" duration-ms="3" started-at="2016-11-21T21:06:47Z" depends-on-methods="org.springframework.test.context.testng.AbstractTestNGSpringContextTests.springTestContextBeforeTestClass" finished-at="2016-11-21T21:06:47Z">
          <reporter-output>
          </reporter-output>
        </test-method> <!-- springTestContextPrepareTestInstance -->
        <test-method status="PASS" signature="springTestContextBeforeTestMethod(java.lang.reflect.Method)[pri:0, instance:org.muni.fi.pa165.lang_school.DAO.LectureDAOTest@45820e51]" name="springTestContextBeforeTestMethod" is-config="true" duration-ms="2" started-at="2016-11-21T21:06:47Z" finished-at="2016-11-21T21:06:47Z">
          <params>
            <param index="0">
              <value>
                <![CDATA[public void org.muni.fi.pa165.lang_school.DAO.LectureDAOTest.testCreate()]]>
              </value>
            </param>
          </params>
          <reporter-output>
          </reporter-output>
        </test-method> <!-- springTestContextBeforeTestMethod -->
        <test-method status="PASS" signature="createTestingSubject()[pri:0, instance:org.muni.fi.pa165.lang_school.DAO.LectureDAOTest@45820e51]" name="createTestingSubject" is-config="true" duration-ms="0" started-at="2016-11-21T21:06:47Z" finished-at="2016-11-21T21:06:47Z">
          <reporter-output>
          </reporter-output>
        </test-method> <!-- createTestingSubject -->
        <test-method status="PASS" signature="testCreate()[pri:0, instance:org.muni.fi.pa165.lang_school.DAO.LectureDAOTest@45820e51]" name="testCreate" duration-ms="28" started-at="2016-11-21T21:06:47Z" finished-at="2016-11-21T21:06:47Z">
          <reporter-output>
          </reporter-output>
        </test-method> <!-- testCreate -->
        <test-method status="PASS" signature="springTestContextAfterTestMethod(java.lang.reflect.Method)[pri:0, instance:org.muni.fi.pa165.lang_school.DAO.LectureDAOTest@45820e51]" name="springTestContextAfterTestMethod" is-config="true" duration-ms="45" started-at="2016-11-21T21:06:47Z" finished-at="2016-11-21T21:06:47Z">
          <params>
            <param index="0">
              <value>
                <![CDATA[public void org.muni.fi.pa165.lang_school.DAO.LectureDAOTest.testCreate()]]>
              </value>
            </param>
          </params>
          <reporter-output>
          </reporter-output>
        </test-method> <!-- springTestContextAfterTestMethod -->
        <test-method status="PASS" signature="springTestContextBeforeTestMethod(java.lang.reflect.Method)[pri:0, instance:org.muni.fi.pa165.lang_school.DAO.LectureDAOTest@45820e51]" name="springTestContextBeforeTestMethod" is-config="true" duration-ms="6" started-at="2016-11-21T21:06:47Z" finished-at="2016-11-21T21:06:47Z">
          <params>
            <param index="0">
              <value>
                <![CDATA[public void org.muni.fi.pa165.lang_school.DAO.LectureDAOTest.testCreateNullCourse()]]>
              </value>
            </param>
          </params>
          <reporter-output>
          </reporter-output>
        </test-method> <!-- springTestContextBeforeTestMethod -->
        <test-method status="PASS" signature="createTestingSubject()[pri:0, instance:org.muni.fi.pa165.lang_school.DAO.LectureDAOTest@45820e51]" name="createTestingSubject" is-config="true" duration-ms="0" started-at="2016-11-21T21:06:47Z" finished-at="2016-11-21T21:06:47Z">
          <reporter-output>
          </reporter-output>
        </test-method> <!-- createTestingSubject -->
        <test-method status="PASS" signature="springTestContextAfterTestMethod(java.lang.reflect.Method)[pri:0, instance:org.muni.fi.pa165.lang_school.DAO.LectureDAOTest@45820e51]" name="springTestContextAfterTestMethod" is-config="true" duration-ms="2" started-at="2016-11-21T21:06:47Z" finished-at="2016-11-21T21:06:47Z">
          <params>
            <param index="0">
              <value>
                <![CDATA[public void org.muni.fi.pa165.lang_school.DAO.LectureDAOTest.testCreateNullCourse()]]>
              </value>
            </param>
          </params>
          <reporter-output>
          </reporter-output>
        </test-method> <!-- springTestContextAfterTestMethod -->
        <test-method status="PASS" signature="testCreateNullCourse()[pri:0, instance:org.muni.fi.pa165.lang_school.DAO.LectureDAOTest@45820e51]" name="testCreateNullCourse" duration-ms="0" started-at="2016-11-21T21:06:47Z" finished-at="2016-11-21T21:06:47Z">
          <reporter-output>
          </reporter-output>
        </test-method> <!-- testCreateNullCourse -->
        <test-method status="PASS" signature="springTestContextBeforeTestMethod(java.lang.reflect.Method)[pri:0, instance:org.muni.fi.pa165.lang_school.DAO.LectureDAOTest@45820e51]" name="springTestContextBeforeTestMethod" is-config="true" duration-ms="2" started-at="2016-11-21T21:06:47Z" finished-at="2016-11-21T21:06:47Z">
          <params>
            <param index="0">
              <value>
                <![CDATA[public void org.muni.fi.pa165.lang_school.DAO.LectureDAOTest.testDeleteCourse()]]>
              </value>
            </param>
          </params>
          <reporter-output>
          </reporter-output>
        </test-method> <!-- springTestContextBeforeTestMethod -->
        <test-method status="PASS" signature="testDeleteCourse()[pri:0, instance:org.muni.fi.pa165.lang_school.DAO.LectureDAOTest@45820e51]" name="testDeleteCourse" duration-ms="5" started-at="2016-11-21T21:06:47Z" finished-at="2016-11-21T21:06:47Z">
          <reporter-output>
          </reporter-output>
        </test-method> <!-- testDeleteCourse -->
        <test-method status="PASS" signature="createTestingSubject()[pri:0, instance:org.muni.fi.pa165.lang_school.DAO.LectureDAOTest@45820e51]" name="createTestingSubject" is-config="true" duration-ms="0" started-at="2016-11-21T21:06:47Z" finished-at="2016-11-21T21:06:47Z">
          <reporter-output>
          </reporter-output>
        </test-method> <!-- createTestingSubject -->
        <test-method status="PASS" signature="springTestContextAfterTestMethod(java.lang.reflect.Method)[pri:0, instance:org.muni.fi.pa165.lang_school.DAO.LectureDAOTest@45820e51]" name="springTestContextAfterTestMethod" is-config="true" duration-ms="2" started-at="2016-11-21T21:06:47Z" finished-at="2016-11-21T21:06:47Z">
          <params>
            <param index="0">
              <value>
                <![CDATA[public void org.muni.fi.pa165.lang_school.DAO.LectureDAOTest.testDeleteCourse()]]>
              </value>
            </param>
          </params>
          <reporter-output>
          </reporter-output>
        </test-method> <!-- springTestContextAfterTestMethod -->
        <test-method status="PASS" signature="springTestContextBeforeTestMethod(java.lang.reflect.Method)[pri:0, instance:org.muni.fi.pa165.lang_school.DAO.LectureDAOTest@45820e51]" name="springTestContextBeforeTestMethod" is-config="true" duration-ms="2" started-at="2016-11-21T21:06:47Z" finished-at="2016-11-21T21:06:47Z">
          <params>
            <param index="0">
              <value>
                <![CDATA[public void org.muni.fi.pa165.lang_school.DAO.LectureDAOTest.testDeleteNullCourse()]]>
              </value>
            </param>
          </params>
          <reporter-output>
          </reporter-output>
        </test-method> <!-- springTestContextBeforeTestMethod -->
        <test-method status="PASS" signature="createTestingSubject()[pri:0, instance:org.muni.fi.pa165.lang_school.DAO.LectureDAOTest@45820e51]" name="createTestingSubject" is-config="true" duration-ms="0" started-at="2016-11-21T21:06:47Z" finished-at="2016-11-21T21:06:47Z">
          <reporter-output>
          </reporter-output>
        </test-method> <!-- createTestingSubject -->
        <test-method status="PASS" signature="testDeleteNullCourse()[pri:0, instance:org.muni.fi.pa165.lang_school.DAO.LectureDAOTest@45820e51]" name="testDeleteNullCourse" duration-ms="0" started-at="2016-11-21T21:06:47Z" finished-at="2016-11-21T21:06:47Z">
          <reporter-output>
          </reporter-output>
        </test-method> <!-- testDeleteNullCourse -->
        <test-method status="PASS" signature="springTestContextAfterTestMethod(java.lang.reflect.Method)[pri:0, instance:org.muni.fi.pa165.lang_school.DAO.LectureDAOTest@45820e51]" name="springTestContextAfterTestMethod" is-config="true" duration-ms="1" started-at="2016-11-21T21:06:47Z" finished-at="2016-11-21T21:06:47Z">
          <params>
            <param index="0">
              <value>
                <![CDATA[public void org.muni.fi.pa165.lang_school.DAO.LectureDAOTest.testDeleteNullCourse()]]>
              </value>
            </param>
          </params>
          <reporter-output>
          </reporter-output>
        </test-method> <!-- springTestContextAfterTestMethod -->
        <test-method status="PASS" signature="springTestContextBeforeTestMethod(java.lang.reflect.Method)[pri:0, instance:org.muni.fi.pa165.lang_school.DAO.LectureDAOTest@45820e51]" name="springTestContextBeforeTestMethod" is-config="true" duration-ms="4" started-at="2016-11-21T21:06:47Z" finished-at="2016-11-21T21:06:47Z">
          <params>
            <param index="0">
              <value>
                <![CDATA[public void org.muni.fi.pa165.lang_school.DAO.LectureDAOTest.testFindByCodeAndTopicMatchMultiple()]]>
              </value>
            </param>
          </params>
          <reporter-output>
          </reporter-output>
        </test-method> <!-- springTestContextBeforeTestMethod -->
        <test-method status="PASS" signature="createTestingSubject()[pri:0, instance:org.muni.fi.pa165.lang_school.DAO.LectureDAOTest@45820e51]" name="createTestingSubject" is-config="true" duration-ms="0" started-at="2016-11-21T21:06:47Z" finished-at="2016-11-21T21:06:47Z">
          <reporter-output>
          </reporter-output>
        </test-method> <!-- createTestingSubject -->
        <test-method status="PASS" signature="testFindByCodeAndTopicMatchMultiple()[pri:0, instance:org.muni.fi.pa165.lang_school.DAO.LectureDAOTest@45820e51]" name="testFindByCodeAndTopicMatchMultiple" duration-ms="16" started-at="2016-11-21T21:06:47Z" finished-at="2016-11-21T21:06:47Z">
          <reporter-output>
          </reporter-output>
        </test-method> <!-- testFindByCodeAndTopicMatchMultiple -->
        <test-method status="PASS" signature="springTestContextAfterTestMethod(java.lang.reflect.Method)[pri:0, instance:org.muni.fi.pa165.lang_school.DAO.LectureDAOTest@45820e51]" name="springTestContextAfterTestMethod" is-config="true" duration-ms="6" started-at="2016-11-21T21:06:47Z" finished-at="2016-11-21T21:06:47Z">
          <params>
            <param index="0">
              <value>
                <![CDATA[public void org.muni.fi.pa165.lang_school.DAO.LectureDAOTest.testFindByCodeAndTopicMatchMultiple()]]>
              </value>
            </param>
          </params>
          <reporter-output>
          </reporter-output>
        </test-method> <!-- springTestContextAfterTestMethod -->
        <test-method status="PASS" signature="springTestContextBeforeTestMethod(java.lang.reflect.Method)[pri:0, instance:org.muni.fi.pa165.lang_school.DAO.LectureDAOTest@45820e51]" name="springTestContextBeforeTestMethod" is-config="true" duration-ms="2" started-at="2016-11-21T21:06:47Z" finished-at="2016-11-21T21:06:47Z">
          <params>
            <param index="0">
              <value>
                <![CDATA[public void org.muni.fi.pa165.lang_school.DAO.LectureDAOTest.testFindByCodeAndTopicNoMatchCode()]]>
              </value>
            </param>
          </params>
          <reporter-output>
          </reporter-output>
        </test-method> <!-- springTestContextBeforeTestMethod -->
        <test-method status="PASS" signature="createTestingSubject()[pri:0, instance:org.muni.fi.pa165.lang_school.DAO.LectureDAOTest@45820e51]" name="createTestingSubject" is-config="true" duration-ms="0" started-at="2016-11-21T21:06:47Z" finished-at="2016-11-21T21:06:47Z">
          <reporter-output>
          </reporter-output>
        </test-method> <!-- createTestingSubject -->
        <test-method status="PASS" signature="testFindByCodeAndTopicNoMatchCode()[pri:0, instance:org.muni.fi.pa165.lang_school.DAO.LectureDAOTest@45820e51]" name="testFindByCodeAndTopicNoMatchCode" duration-ms="4" started-at="2016-11-21T21:06:47Z" finished-at="2016-11-21T21:06:47Z">
          <reporter-output>
          </reporter-output>
        </test-method> <!-- testFindByCodeAndTopicNoMatchCode -->
        <test-method status="PASS" signature="springTestContextAfterTestMethod(java.lang.reflect.Method)[pri:0, instance:org.muni.fi.pa165.lang_school.DAO.LectureDAOTest@45820e51]" name="springTestContextAfterTestMethod" is-config="true" duration-ms="2" started-at="2016-11-21T21:06:47Z" finished-at="2016-11-21T21:06:47Z">
          <params>
            <param index="0">
              <value>
                <![CDATA[public void org.muni.fi.pa165.lang_school.DAO.LectureDAOTest.testFindByCodeAndTopicNoMatchCode()]]>
              </value>
            </param>
          </params>
          <reporter-output>
          </reporter-output>
        </test-method> <!-- springTestContextAfterTestMethod -->
        <test-method status="PASS" signature="springTestContextBeforeTestMethod(java.lang.reflect.Method)[pri:0, instance:org.muni.fi.pa165.lang_school.DAO.LectureDAOTest@45820e51]" name="springTestContextBeforeTestMethod" is-config="true" duration-ms="8" started-at="2016-11-21T21:06:47Z" finished-at="2016-11-21T21:06:47Z">
          <params>
            <param index="0">
              <value>
                <![CDATA[public void org.muni.fi.pa165.lang_school.DAO.LectureDAOTest.testFindByCodeAndTopicNoMatchTopic()]]>
              </value>
            </param>
          </params>
          <reporter-output>
          </reporter-output>
        </test-method> <!-- springTestContextBeforeTestMethod -->
        <test-method status="PASS" signature="createTestingSubject()[pri:0, instance:org.muni.fi.pa165.lang_school.DAO.LectureDAOTest@45820e51]" name="createTestingSubject" is-config="true" duration-ms="1" started-at="2016-11-21T21:06:47Z" finished-at="2016-11-21T21:06:47Z">
          <reporter-output>
          </reporter-output>
        </test-method> <!-- createTestingSubject -->
        <test-method status="PASS" signature="testFindByCodeAndTopicNoMatchTopic()[pri:0, instance:org.muni.fi.pa165.lang_school.DAO.LectureDAOTest@45820e51]" name="testFindByCodeAndTopicNoMatchTopic" duration-ms="2" started-at="2016-11-21T21:06:47Z" finished-at="2016-11-21T21:06:47Z">
          <reporter-output>
          </reporter-output>
        </test-method> <!-- testFindByCodeAndTopicNoMatchTopic -->
        <test-method status="PASS" signature="springTestContextAfterTestMethod(java.lang.reflect.Method)[pri:0, instance:org.muni.fi.pa165.lang_school.DAO.LectureDAOTest@45820e51]" name="springTestContextAfterTestMethod" is-config="true" duration-ms="3" started-at="2016-11-21T21:06:47Z" finished-at="2016-11-21T21:06:47Z">
          <params>
            <param index="0">
              <value>
                <![CDATA[public void org.muni.fi.pa165.lang_school.DAO.LectureDAOTest.testFindByCodeAndTopicNoMatchTopic()]]>
              </value>
            </param>
          </params>
          <reporter-output>
          </reporter-output>
        </test-method> <!-- springTestContextAfterTestMethod -->
        <test-method status="PASS" signature="springTestContextBeforeTestMethod(java.lang.reflect.Method)[pri:0, instance:org.muni.fi.pa165.lang_school.DAO.LectureDAOTest@45820e51]" name="springTestContextBeforeTestMethod" is-config="true" duration-ms="5" started-at="2016-11-21T21:06:47Z" finished-at="2016-11-21T21:06:47Z">
          <params>
            <param index="0">
              <value>
                <![CDATA[public void org.muni.fi.pa165.lang_school.DAO.LectureDAOTest.testFindByCodeAndTopicOneMatch()]]>
              </value>
            </param>
          </params>
          <reporter-output>
          </reporter-output>
        </test-method> <!-- springTestContextBeforeTestMethod -->
        <test-method status="PASS" signature="testFindByCodeAndTopicOneMatch()[pri:0, instance:org.muni.fi.pa165.lang_school.DAO.LectureDAOTest@45820e51]" name="testFindByCodeAndTopicOneMatch" duration-ms="3" started-at="2016-11-21T21:06:47Z" finished-at="2016-11-21T21:06:47Z">
          <reporter-output>
          </reporter-output>
        </test-method> <!-- testFindByCodeAndTopicOneMatch -->
        <test-method status="PASS" signature="createTestingSubject()[pri:0, instance:org.muni.fi.pa165.lang_school.DAO.LectureDAOTest@45820e51]" name="createTestingSubject" is-config="true" duration-ms="0" started-at="2016-11-21T21:06:47Z" finished-at="2016-11-21T21:06:47Z">
          <reporter-output>
          </reporter-output>
        </test-method> <!-- createTestingSubject -->
        <test-method status="PASS" signature="springTestContextAfterTestMethod(java.lang.reflect.Method)[pri:0, instance:org.muni.fi.pa165.lang_school.DAO.LectureDAOTest@45820e51]" name="springTestContextAfterTestMethod" is-config="true" duration-ms="2" started-at="2016-11-21T21:06:47Z" finished-at="2016-11-21T21:06:47Z">
          <params>
            <param index="0">
              <value>
                <![CDATA[public void org.muni.fi.pa165.lang_school.DAO.LectureDAOTest.testFindByCodeAndTopicOneMatch()]]>
              </value>
            </param>
          </params>
          <reporter-output>
          </reporter-output>
        </test-method> <!-- springTestContextAfterTestMethod -->
        <test-method status="PASS" signature="springTestContextBeforeTestMethod(java.lang.reflect.Method)[pri:0, instance:org.muni.fi.pa165.lang_school.DAO.LectureDAOTest@45820e51]" name="springTestContextBeforeTestMethod" is-config="true" duration-ms="2" started-at="2016-11-21T21:06:47Z" finished-at="2016-11-21T21:06:47Z">
          <params>
            <param index="0">
              <value>
                <![CDATA[public void org.muni.fi.pa165.lang_school.DAO.LectureDAOTest.testReadByColumn()]]>
              </value>
            </param>
          </params>
          <reporter-output>
          </reporter-output>
        </test-method> <!-- springTestContextBeforeTestMethod -->
        <test-method status="PASS" signature="createTestingSubject()[pri:0, instance:org.muni.fi.pa165.lang_school.DAO.LectureDAOTest@45820e51]" name="createTestingSubject" is-config="true" duration-ms="1" started-at="2016-11-21T21:06:47Z" finished-at="2016-11-21T21:06:47Z">
          <reporter-output>
          </reporter-output>
        </test-method> <!-- createTestingSubject -->
        <test-method status="PASS" signature="testReadByColumn()[pri:0, instance:org.muni.fi.pa165.lang_school.DAO.LectureDAOTest@45820e51]" name="testReadByColumn" duration-ms="12" started-at="2016-11-21T21:06:47Z" finished-at="2016-11-21T21:06:47Z">
          <reporter-output>
          </reporter-output>
        </test-method> <!-- testReadByColumn -->
        <test-method status="PASS" signature="springTestContextAfterTestMethod(java.lang.reflect.Method)[pri:0, instance:org.muni.fi.pa165.lang_school.DAO.LectureDAOTest@45820e51]" name="springTestContextAfterTestMethod" is-config="true" duration-ms="5" started-at="2016-11-21T21:06:47Z" finished-at="2016-11-21T21:06:47Z">
          <params>
            <param index="0">
              <value>
                <![CDATA[public void org.muni.fi.pa165.lang_school.DAO.LectureDAOTest.testReadByColumn()]]>
              </value>
            </param>
          </params>
          <reporter-output>
          </reporter-output>
        </test-method> <!-- springTestContextAfterTestMethod -->
        <test-method status="PASS" signature="springTestContextBeforeTestMethod(java.lang.reflect.Method)[pri:0, instance:org.muni.fi.pa165.lang_school.DAO.LectureDAOTest@45820e51]" name="springTestContextBeforeTestMethod" is-config="true" duration-ms="3" started-at="2016-11-21T21:06:47Z" finished-at="2016-11-21T21:06:47Z">
          <params>
            <param index="0">
              <value>
                <![CDATA[public void org.muni.fi.pa165.lang_school.DAO.LectureDAOTest.testReadById()]]>
              </value>
            </param>
          </params>
          <reporter-output>
          </reporter-output>
        </test-method> <!-- springTestContextBeforeTestMethod -->
        <test-method status="PASS" signature="createTestingSubject()[pri:0, instance:org.muni.fi.pa165.lang_school.DAO.LectureDAOTest@45820e51]" name="createTestingSubject" is-config="true" duration-ms="0" started-at="2016-11-21T21:06:47Z" finished-at="2016-11-21T21:06:47Z">
          <reporter-output>
          </reporter-output>
        </test-method> <!-- createTestingSubject -->
        <test-method status="PASS" signature="testReadById()[pri:0, instance:org.muni.fi.pa165.lang_school.DAO.LectureDAOTest@45820e51]" name="testReadById" duration-ms="9" started-at="2016-11-21T21:06:47Z" finished-at="2016-11-21T21:06:47Z">
          <reporter-output>
          </reporter-output>
        </test-method> <!-- testReadById -->
        <test-method status="PASS" signature="springTestContextAfterTestMethod(java.lang.reflect.Method)[pri:0, instance:org.muni.fi.pa165.lang_school.DAO.LectureDAOTest@45820e51]" name="springTestContextAfterTestMethod" is-config="true" duration-ms="3" started-at="2016-11-21T21:06:47Z" finished-at="2016-11-21T21:06:47Z">
          <params>
            <param index="0">
              <value>
                <![CDATA[public void org.muni.fi.pa165.lang_school.DAO.LectureDAOTest.testReadById()]]>
              </value>
            </param>
          </params>
          <reporter-output>
          </reporter-output>
        </test-method> <!-- springTestContextAfterTestMethod -->
        <test-method status="PASS" signature="springTestContextBeforeTestMethod(java.lang.reflect.Method)[pri:0, instance:org.muni.fi.pa165.lang_school.DAO.LectureDAOTest@45820e51]" name="springTestContextBeforeTestMethod" is-config="true" duration-ms="5" started-at="2016-11-21T21:06:47Z" finished-at="2016-11-21T21:06:47Z">
          <params>
            <param index="0">
              <value>
                <![CDATA[public void org.muni.fi.pa165.lang_school.DAO.LectureDAOTest.testReadByNullId()]]>
              </value>
            </param>
          </params>
          <reporter-output>
          </reporter-output>
        </test-method> <!-- springTestContextBeforeTestMethod -->
        <test-method status="PASS" signature="testReadByNullId()[pri:0, instance:org.muni.fi.pa165.lang_school.DAO.LectureDAOTest@45820e51]" name="testReadByNullId" duration-ms="1" started-at="2016-11-21T21:06:47Z" finished-at="2016-11-21T21:06:47Z">
          <reporter-output>
          </reporter-output>
        </test-method> <!-- testReadByNullId -->
        <test-method status="PASS" signature="createTestingSubject()[pri:0, instance:org.muni.fi.pa165.lang_school.DAO.LectureDAOTest@45820e51]" name="createTestingSubject" is-config="true" duration-ms="0" started-at="2016-11-21T21:06:47Z" finished-at="2016-11-21T21:06:47Z">
          <reporter-output>
          </reporter-output>
        </test-method> <!-- createTestingSubject -->
        <test-method status="PASS" signature="springTestContextAfterTestMethod(java.lang.reflect.Method)[pri:0, instance:org.muni.fi.pa165.lang_school.DAO.LectureDAOTest@45820e51]" name="springTestContextAfterTestMethod" is-config="true" duration-ms="1" started-at="2016-11-21T21:06:47Z" finished-at="2016-11-21T21:06:47Z">
          <params>
            <param index="0">
              <value>
                <![CDATA[public void org.muni.fi.pa165.lang_school.DAO.LectureDAOTest.testReadByNullId()]]>
              </value>
            </param>
          </params>
          <reporter-output>
          </reporter-output>
        </test-method> <!-- springTestContextAfterTestMethod -->
        <test-method status="PASS" signature="springTestContextBeforeTestMethod(java.lang.reflect.Method)[pri:0, instance:org.muni.fi.pa165.lang_school.DAO.LectureDAOTest@45820e51]" name="springTestContextBeforeTestMethod" is-config="true" duration-ms="2" started-at="2016-11-21T21:06:47Z" finished-at="2016-11-21T21:06:47Z">
          <params>
            <param index="0">
              <value>
                <![CDATA[public void org.muni.fi.pa165.lang_school.DAO.LectureDAOTest.testUpdateCourse()]]>
              </value>
            </param>
          </params>
          <reporter-output>
          </reporter-output>
        </test-method> <!-- springTestContextBeforeTestMethod -->
        <test-method status="PASS" signature="createTestingSubject()[pri:0, instance:org.muni.fi.pa165.lang_school.DAO.LectureDAOTest@45820e51]" name="createTestingSubject" is-config="true" duration-ms="0" started-at="2016-11-21T21:06:47Z" finished-at="2016-11-21T21:06:47Z">
          <reporter-output>
          </reporter-output>
        </test-method> <!-- createTestingSubject -->
        <test-method status="PASS" signature="testUpdateCourse()[pri:0, instance:org.muni.fi.pa165.lang_school.DAO.LectureDAOTest@45820e51]" name="testUpdateCourse" duration-ms="13" started-at="2016-11-21T21:06:47Z" finished-at="2016-11-21T21:06:47Z">
          <reporter-output>
          </reporter-output>
        </test-method> <!-- testUpdateCourse -->
        <test-method status="PASS" signature="springTestContextAfterTestMethod(java.lang.reflect.Method)[pri:0, instance:org.muni.fi.pa165.lang_school.DAO.LectureDAOTest@45820e51]" name="springTestContextAfterTestMethod" is-config="true" duration-ms="2" started-at="2016-11-21T21:06:47Z" finished-at="2016-11-21T21:06:47Z">
          <params>
            <param index="0">
              <value>
                <![CDATA[public void org.muni.fi.pa165.lang_school.DAO.LectureDAOTest.testUpdateCourse()]]>
              </value>
            </param>
          </params>
          <reporter-output>
          </reporter-output>
        </test-method> <!-- springTestContextAfterTestMethod -->
        <test-method status="PASS" signature="springTestContextBeforeTestMethod(java.lang.reflect.Method)[pri:0, instance:org.muni.fi.pa165.lang_school.DAO.LectureDAOTest@45820e51]" name="springTestContextBeforeTestMethod" is-config="true" duration-ms="2" started-at="2016-11-21T21:06:47Z" finished-at="2016-11-21T21:06:47Z">
          <params>
            <param index="0">
              <value>
                <![CDATA[public void org.muni.fi.pa165.lang_school.DAO.LectureDAOTest.testUpdateNullCourse()]]>
              </value>
            </param>
          </params>
          <reporter-output>
          </reporter-output>
        </test-method> <!-- springTestContextBeforeTestMethod -->
        <test-method status="PASS" signature="createTestingSubject()[pri:0, instance:org.muni.fi.pa165.lang_school.DAO.LectureDAOTest@45820e51]" name="createTestingSubject" is-config="true" duration-ms="1" started-at="2016-11-21T21:06:47Z" finished-at="2016-11-21T21:06:47Z">
          <reporter-output>
          </reporter-output>
        </test-method> <!-- createTestingSubject -->
        <test-method status="PASS" signature="springTestContextAfterTestMethod(java.lang.reflect.Method)[pri:0, instance:org.muni.fi.pa165.lang_school.DAO.LectureDAOTest@45820e51]" name="springTestContextAfterTestMethod" is-config="true" duration-ms="1" started-at="2016-11-21T21:06:47Z" finished-at="2016-11-21T21:06:47Z">
          <params>
            <param index="0">
              <value>
                <![CDATA[public void org.muni.fi.pa165.lang_school.DAO.LectureDAOTest.testUpdateNullCourse()]]>
              </value>
            </param>
          </params>
          <reporter-output>
          </reporter-output>
        </test-method> <!-- springTestContextAfterTestMethod -->
        <test-method status="PASS" signature="testUpdateNullCourse()[pri:0, instance:org.muni.fi.pa165.lang_school.DAO.LectureDAOTest@45820e51]" name="testUpdateNullCourse" duration-ms="0" started-at="2016-11-21T21:06:47Z" finished-at="2016-11-21T21:06:47Z">
          <reporter-output>
          </reporter-output>
        </test-method> <!-- testUpdateNullCourse -->
        <test-method status="PASS" signature="springTestContextAfterTestClass()[pri:0, instance:org.muni.fi.pa165.lang_school.DAO.LectureDAOTest@45820e51]" name="springTestContextAfterTestClass" is-config="true" duration-ms="0" started-at="2016-11-21T21:06:47Z" finished-at="2016-11-21T21:06:47Z">
          <reporter-output>
          </reporter-output>
        </test-method> <!-- springTestContextAfterTestClass -->
      </class> <!-- org.muni.fi.pa165.lang_school.DAO.LectureDAOTest -->
      <class name="org.muni.fi.pa165.lang_school.DAO.CourseDAOTest">
        <test-method status="PASS" signature="springTestContextBeforeTestClass()[pri:0, instance:org.muni.fi.pa165.lang_school.DAO.CourseDAOTest@436e852b]" name="springTestContextBeforeTestClass" is-config="true" duration-ms="9" started-at="2016-11-21T21:06:43Z" finished-at="2016-11-21T21:06:43Z">
          <reporter-output>
          </reporter-output>
        </test-method> <!-- springTestContextBeforeTestClass -->
        <test-method status="PASS" signature="springTestContextPrepareTestInstance()[pri:0, instance:org.muni.fi.pa165.lang_school.DAO.CourseDAOTest@436e852b]" name="springTestContextPrepareTestInstance" is-config="true" duration-ms="3922" started-at="2016-11-21T21:06:43Z" depends-on-methods="org.springframework.test.context.testng.AbstractTestNGSpringContextTests.springTestContextBeforeTestClass" finished-at="2016-11-21T21:06:46Z">
          <reporter-output>
          </reporter-output>
        </test-method> <!-- springTestContextPrepareTestInstance -->
        <test-method status="PASS" signature="springTestContextBeforeTestMethod(java.lang.reflect.Method)[pri:0, instance:org.muni.fi.pa165.lang_school.DAO.CourseDAOTest@436e852b]" name="springTestContextBeforeTestMethod" is-config="true" duration-ms="57" started-at="2016-11-21T21:06:46Z" finished-at="2016-11-21T21:06:47Z">
          <params>
            <param index="0">
              <value>
                <![CDATA[public void org.muni.fi.pa165.lang_school.DAO.CourseDAOTest.testCreateCourse()]]>
              </value>
            </param>
          </params>
          <reporter-output>
          </reporter-output>
        </test-method> <!-- springTestContextBeforeTestMethod -->
        <test-method status="PASS" signature="testCreateCourse()[pri:0, instance:org.muni.fi.pa165.lang_school.DAO.CourseDAOTest@436e852b]" name="testCreateCourse" duration-ms="243" started-at="2016-11-21T21:06:47Z" finished-at="2016-11-21T21:06:47Z">
          <reporter-output>
          </reporter-output>
        </test-method> <!-- testCreateCourse -->
        <test-method status="PASS" signature="createTestingSubject()[pri:0, instance:org.muni.fi.pa165.lang_school.DAO.CourseDAOTest@436e852b]" name="createTestingSubject" is-config="true" duration-ms="0" started-at="2016-11-21T21:06:47Z" finished-at="2016-11-21T21:06:47Z">
          <reporter-output>
          </reporter-output>
        </test-method> <!-- createTestingSubject -->
        <test-method status="PASS" signature="springTestContextAfterTestMethod(java.lang.reflect.Method)[pri:0, instance:org.muni.fi.pa165.lang_school.DAO.CourseDAOTest@436e852b]" name="springTestContextAfterTestMethod" is-config="true" duration-ms="6" started-at="2016-11-21T21:06:47Z" finished-at="2016-11-21T21:06:47Z">
          <params>
            <param index="0">
              <value>
                <![CDATA[public void org.muni.fi.pa165.lang_school.DAO.CourseDAOTest.testCreateCourse()]]>
              </value>
            </param>
          </params>
          <reporter-output>
          </reporter-output>
        </test-method> <!-- springTestContextAfterTestMethod -->
        <test-method status="PASS" signature="springTestContextBeforeTestMethod(java.lang.reflect.Method)[pri:0, instance:org.muni.fi.pa165.lang_school.DAO.CourseDAOTest@436e852b]" name="springTestContextBeforeTestMethod" is-config="true" duration-ms="3" started-at="2016-11-21T21:06:47Z" finished-at="2016-11-21T21:06:47Z">
          <params>
            <param index="0">
              <value>
                <![CDATA[public void org.muni.fi.pa165.lang_school.DAO.CourseDAOTest.testCreateNullCourse()]]>
              </value>
            </param>
          </params>
          <reporter-output>
          </reporter-output>
        </test-method> <!-- springTestContextBeforeTestMethod -->
        <test-method status="PASS" signature="testCreateNullCourse()[pri:0, instance:org.muni.fi.pa165.lang_school.DAO.CourseDAOTest@436e852b]" name="testCreateNullCourse" duration-ms="0" started-at="2016-11-21T21:06:47Z" finished-at="2016-11-21T21:06:47Z">
          <reporter-output>
          </reporter-output>
        </test-method> <!-- testCreateNullCourse -->
        <test-method status="PASS" signature="createTestingSubject()[pri:0, instance:org.muni.fi.pa165.lang_school.DAO.CourseDAOTest@436e852b]" name="createTestingSubject" is-config="true" duration-ms="0" started-at="2016-11-21T21:06:47Z" finished-at="2016-11-21T21:06:47Z">
          <reporter-output>
          </reporter-output>
        </test-method> <!-- createTestingSubject -->
        <test-method status="PASS" signature="springTestContextAfterTestMethod(java.lang.reflect.Method)[pri:0, instance:org.muni.fi.pa165.lang_school.DAO.CourseDAOTest@436e852b]" name="springTestContextAfterTestMethod" is-config="true" duration-ms="0" started-at="2016-11-21T21:06:47Z" finished-at="2016-11-21T21:06:47Z">
          <params>
            <param index="0">
              <value>
                <![CDATA[public void org.muni.fi.pa165.lang_school.DAO.CourseDAOTest.testCreateNullCourse()]]>
              </value>
            </param>
          </params>
          <reporter-output>
          </reporter-output>
        </test-method> <!-- springTestContextAfterTestMethod -->
        <test-method status="PASS" signature="springTestContextBeforeTestMethod(java.lang.reflect.Method)[pri:0, instance:org.muni.fi.pa165.lang_school.DAO.CourseDAOTest@436e852b]" name="springTestContextBeforeTestMethod" is-config="true" duration-ms="1" started-at="2016-11-21T21:06:47Z" finished-at="2016-11-21T21:06:47Z">
          <params>
            <param index="0">
              <value>
                <![CDATA[public void org.muni.fi.pa165.lang_school.DAO.CourseDAOTest.testDeleteCourse()]]>
              </value>
            </param>
          </params>
          <reporter-output>
          </reporter-output>
        </test-method> <!-- springTestContextBeforeTestMethod -->
        <test-method status="PASS" signature="createTestingSubject()[pri:0, instance:org.muni.fi.pa165.lang_school.DAO.CourseDAOTest@436e852b]" name="createTestingSubject" is-config="true" duration-ms="0" started-at="2016-11-21T21:06:47Z" finished-at="2016-11-21T21:06:47Z">
          <reporter-output>
          </reporter-output>
        </test-method> <!-- createTestingSubject -->
        <test-method status="PASS" signature="testDeleteCourse()[pri:0, instance:org.muni.fi.pa165.lang_school.DAO.CourseDAOTest@436e852b]" name="testDeleteCourse" duration-ms="8" started-at="2016-11-21T21:06:47Z" finished-at="2016-11-21T21:06:47Z">
          <reporter-output>
          </reporter-output>
        </test-method> <!-- testDeleteCourse -->
        <test-method status="PASS" signature="springTestContextAfterTestMethod(java.lang.reflect.Method)[pri:0, instance:org.muni.fi.pa165.lang_school.DAO.CourseDAOTest@436e852b]" name="springTestContextAfterTestMethod" is-config="true" duration-ms="3" started-at="2016-11-21T21:06:47Z" finished-at="2016-11-21T21:06:47Z">
          <params>
            <param index="0">
              <value>
                <![CDATA[public void org.muni.fi.pa165.lang_school.DAO.CourseDAOTest.testDeleteCourse()]]>
              </value>
            </param>
          </params>
          <reporter-output>
          </reporter-output>
        </test-method> <!-- springTestContextAfterTestMethod -->
        <test-method status="PASS" signature="springTestContextBeforeTestMethod(java.lang.reflect.Method)[pri:0, instance:org.muni.fi.pa165.lang_school.DAO.CourseDAOTest@436e852b]" name="springTestContextBeforeTestMethod" is-config="true" duration-ms="4" started-at="2016-11-21T21:06:47Z" finished-at="2016-11-21T21:06:47Z">
          <params>
            <param index="0">
              <value>
                <![CDATA[public void org.muni.fi.pa165.lang_school.DAO.CourseDAOTest.testDeleteNullCourse()]]>
              </value>
            </param>
          </params>
          <reporter-output>
          </reporter-output>
        </test-method> <!-- springTestContextBeforeTestMethod -->
        <test-method status="PASS" signature="createTestingSubject()[pri:0, instance:org.muni.fi.pa165.lang_school.DAO.CourseDAOTest@436e852b]" name="createTestingSubject" is-config="true" duration-ms="0" started-at="2016-11-21T21:06:47Z" finished-at="2016-11-21T21:06:47Z">
          <reporter-output>
          </reporter-output>
        </test-method> <!-- createTestingSubject -->
        <test-method status="PASS" signature="testDeleteNullCourse()[pri:0, instance:org.muni.fi.pa165.lang_school.DAO.CourseDAOTest@436e852b]" name="testDeleteNullCourse" duration-ms="0" started-at="2016-11-21T21:06:47Z" finished-at="2016-11-21T21:06:47Z">
          <reporter-output>
          </reporter-output>
        </test-method> <!-- testDeleteNullCourse -->
        <test-method status="PASS" signature="springTestContextAfterTestMethod(java.lang.reflect.Method)[pri:0, instance:org.muni.fi.pa165.lang_school.DAO.CourseDAOTest@436e852b]" name="springTestContextAfterTestMethod" is-config="true" duration-ms="1" started-at="2016-11-21T21:06:47Z" finished-at="2016-11-21T21:06:47Z">
          <params>
            <param index="0">
              <value>
                <![CDATA[public void org.muni.fi.pa165.lang_school.DAO.CourseDAOTest.testDeleteNullCourse()]]>
              </value>
            </param>
          </params>
          <reporter-output>
          </reporter-output>
        </test-method> <!-- springTestContextAfterTestMethod -->
        <test-method status="PASS" signature="springTestContextBeforeTestMethod(java.lang.reflect.Method)[pri:0, instance:org.muni.fi.pa165.lang_school.DAO.CourseDAOTest@436e852b]" name="springTestContextBeforeTestMethod" is-config="true" duration-ms="3" started-at="2016-11-21T21:06:47Z" finished-at="2016-11-21T21:06:47Z">
          <params>
            <param index="0">
              <value>
                <![CDATA[public void org.muni.fi.pa165.lang_school.DAO.CourseDAOTest.testDuplicateId()]]>
              </value>
            </param>
          </params>
          <reporter-output>
          </reporter-output>
        </test-method> <!-- springTestContextBeforeTestMethod -->
        <test-method status="PASS" signature="createTestingSubject()[pri:0, instance:org.muni.fi.pa165.lang_school.DAO.CourseDAOTest@436e852b]" name="createTestingSubject" is-config="true" duration-ms="0" started-at="2016-11-21T21:06:47Z" finished-at="2016-11-21T21:06:47Z">
          <reporter-output>
          </reporter-output>
        </test-method> <!-- createTestingSubject -->
        <test-method status="PASS" signature="testDuplicateId()[pri:0, instance:org.muni.fi.pa165.lang_school.DAO.CourseDAOTest@436e852b]" name="testDuplicateId" duration-ms="4" started-at="2016-11-21T21:06:47Z" finished-at="2016-11-21T21:06:47Z">
          <reporter-output>
          </reporter-output>
        </test-method> <!-- testDuplicateId -->
        <test-method status="PASS" signature="springTestContextAfterTestMethod(java.lang.reflect.Method)[pri:0, instance:org.muni.fi.pa165.lang_school.DAO.CourseDAOTest@436e852b]" name="springTestContextAfterTestMethod" is-config="true" duration-ms="2" started-at="2016-11-21T21:06:47Z" finished-at="2016-11-21T21:06:47Z">
          <params>
            <param index="0">
              <value>
                <![CDATA[public void org.muni.fi.pa165.lang_school.DAO.CourseDAOTest.testDuplicateId()]]>
              </value>
            </param>
          </params>
          <reporter-output>
          </reporter-output>
        </test-method> <!-- springTestContextAfterTestMethod -->
        <test-method status="PASS" signature="springTestContextBeforeTestMethod(java.lang.reflect.Method)[pri:0, instance:org.muni.fi.pa165.lang_school.DAO.CourseDAOTest@436e852b]" name="springTestContextBeforeTestMethod" is-config="true" duration-ms="2" started-at="2016-11-21T21:06:47Z" finished-at="2016-11-21T21:06:47Z">
          <params>
            <param index="0">
              <value>
                <![CDATA[public void org.muni.fi.pa165.lang_school.DAO.CourseDAOTest.testReadById()]]>
              </value>
            </param>
          </params>
          <reporter-output>
          </reporter-output>
        </test-method> <!-- springTestContextBeforeTestMethod -->
        <test-method status="PASS" signature="createTestingSubject()[pri:0, instance:org.muni.fi.pa165.lang_school.DAO.CourseDAOTest@436e852b]" name="createTestingSubject" is-config="true" duration-ms="0" started-at="2016-11-21T21:06:47Z" finished-at="2016-11-21T21:06:47Z">
          <reporter-output>
          </reporter-output>
        </test-method> <!-- createTestingSubject -->
        <test-method status="PASS" signature="testReadById()[pri:0, instance:org.muni.fi.pa165.lang_school.DAO.CourseDAOTest@436e852b]" name="testReadById" duration-ms="5" started-at="2016-11-21T21:06:47Z" finished-at="2016-11-21T21:06:47Z">
          <reporter-output>
          </reporter-output>
        </test-method> <!-- testReadById -->
        <test-method status="PASS" signature="springTestContextAfterTestMethod(java.lang.reflect.Method)[pri:0, instance:org.muni.fi.pa165.lang_school.DAO.CourseDAOTest@436e852b]" name="springTestContextAfterTestMethod" is-config="true" duration-ms="1" started-at="2016-11-21T21:06:47Z" finished-at="2016-11-21T21:06:47Z">
          <params>
            <param index="0">
              <value>
                <![CDATA[public void org.muni.fi.pa165.lang_school.DAO.CourseDAOTest.testReadById()]]>
              </value>
            </param>
          </params>
          <reporter-output>
          </reporter-output>
        </test-method> <!-- springTestContextAfterTestMethod -->
        <test-method status="PASS" signature="springTestContextBeforeTestMethod(java.lang.reflect.Method)[pri:0, instance:org.muni.fi.pa165.lang_school.DAO.CourseDAOTest@436e852b]" name="springTestContextBeforeTestMethod" is-config="true" duration-ms="1" started-at="2016-11-21T21:06:47Z" finished-at="2016-11-21T21:06:47Z">
          <params>
            <param index="0">
              <value>
                <![CDATA[public void org.muni.fi.pa165.lang_school.DAO.CourseDAOTest.testReadByNullId()]]>
              </value>
            </param>
          </params>
          <reporter-output>
          </reporter-output>
        </test-method> <!-- springTestContextBeforeTestMethod -->
        <test-method status="PASS" signature="createTestingSubject()[pri:0, instance:org.muni.fi.pa165.lang_school.DAO.CourseDAOTest@436e852b]" name="createTestingSubject" is-config="true" duration-ms="0" started-at="2016-11-21T21:06:47Z" finished-at="2016-11-21T21:06:47Z">
          <reporter-output>
          </reporter-output>
        </test-method> <!-- createTestingSubject -->
        <test-method status="PASS" signature="testReadByNullId()[pri:0, instance:org.muni.fi.pa165.lang_school.DAO.CourseDAOTest@436e852b]" name="testReadByNullId" duration-ms="4" started-at="2016-11-21T21:06:47Z" finished-at="2016-11-21T21:06:47Z">
          <reporter-output>
          </reporter-output>
        </test-method> <!-- testReadByNullId -->
        <test-method status="PASS" signature="springTestContextAfterTestMethod(java.lang.reflect.Method)[pri:0, instance:org.muni.fi.pa165.lang_school.DAO.CourseDAOTest@436e852b]" name="springTestContextAfterTestMethod" is-config="true" duration-ms="1" started-at="2016-11-21T21:06:47Z" finished-at="2016-11-21T21:06:47Z">
          <params>
            <param index="0">
              <value>
                <![CDATA[public void org.muni.fi.pa165.lang_school.DAO.CourseDAOTest.testReadByNullId()]]>
              </value>
            </param>
          </params>
          <reporter-output>
          </reporter-output>
        </test-method> <!-- springTestContextAfterTestMethod -->
        <test-method status="PASS" signature="springTestContextBeforeTestMethod(java.lang.reflect.Method)[pri:0, instance:org.muni.fi.pa165.lang_school.DAO.CourseDAOTest@436e852b]" name="springTestContextBeforeTestMethod" is-config="true" duration-ms="2" started-at="2016-11-21T21:06:47Z" finished-at="2016-11-21T21:06:47Z">
          <params>
            <param index="0">
              <value>
                <![CDATA[public void org.muni.fi.pa165.lang_school.DAO.CourseDAOTest.testUpdateCourse()]]>
              </value>
            </param>
          </params>
          <reporter-output>
          </reporter-output>
        </test-method> <!-- springTestContextBeforeTestMethod -->
        <test-method status="PASS" signature="testUpdateCourse()[pri:0, instance:org.muni.fi.pa165.lang_school.DAO.CourseDAOTest@436e852b]" name="testUpdateCourse" duration-ms="55" started-at="2016-11-21T21:06:47Z" finished-at="2016-11-21T21:06:47Z">
          <reporter-output>
          </reporter-output>
        </test-method> <!-- testUpdateCourse -->
        <test-method status="PASS" signature="createTestingSubject()[pri:0, instance:org.muni.fi.pa165.lang_school.DAO.CourseDAOTest@436e852b]" name="createTestingSubject" is-config="true" duration-ms="0" started-at="2016-11-21T21:06:47Z" finished-at="2016-11-21T21:06:47Z">
          <reporter-output>
          </reporter-output>
        </test-method> <!-- createTestingSubject -->
        <test-method status="PASS" signature="springTestContextAfterTestMethod(java.lang.reflect.Method)[pri:0, instance:org.muni.fi.pa165.lang_school.DAO.CourseDAOTest@436e852b]" name="springTestContextAfterTestMethod" is-config="true" duration-ms="2" started-at="2016-11-21T21:06:47Z" finished-at="2016-11-21T21:06:47Z">
          <params>
            <param index="0">
              <value>
                <![CDATA[public void org.muni.fi.pa165.lang_school.DAO.CourseDAOTest.testUpdateCourse()]]>
              </value>
            </param>
          </params>
          <reporter-output>
          </reporter-output>
        </test-method> <!-- springTestContextAfterTestMethod -->
        <test-method status="PASS" signature="springTestContextBeforeTestMethod(java.lang.reflect.Method)[pri:0, instance:org.muni.fi.pa165.lang_school.DAO.CourseDAOTest@436e852b]" name="springTestContextBeforeTestMethod" is-config="true" duration-ms="1" started-at="2016-11-21T21:06:47Z" finished-at="2016-11-21T21:06:47Z">
          <params>
            <param index="0">
              <value>
                <![CDATA[public void org.muni.fi.pa165.lang_school.DAO.CourseDAOTest.testUpdateNullCourse()]]>
              </value>
            </param>
          </params>
          <reporter-output>
          </reporter-output>
        </test-method> <!-- springTestContextBeforeTestMethod -->
        <test-method status="PASS" signature="createTestingSubject()[pri:0, instance:org.muni.fi.pa165.lang_school.DAO.CourseDAOTest@436e852b]" name="createTestingSubject" is-config="true" duration-ms="0" started-at="2016-11-21T21:06:47Z" finished-at="2016-11-21T21:06:47Z">
          <reporter-output>
          </reporter-output>
        </test-method> <!-- createTestingSubject -->
        <test-method status="PASS" signature="testUpdateNullCourse()[pri:0, instance:org.muni.fi.pa165.lang_school.DAO.CourseDAOTest@436e852b]" name="testUpdateNullCourse" duration-ms="0" started-at="2016-11-21T21:06:47Z" finished-at="2016-11-21T21:06:47Z">
          <reporter-output>
          </reporter-output>
        </test-method> <!-- testUpdateNullCourse -->
        <test-method status="PASS" signature="springTestContextAfterTestMethod(java.lang.reflect.Method)[pri:0, instance:org.muni.fi.pa165.lang_school.DAO.CourseDAOTest@436e852b]" name="springTestContextAfterTestMethod" is-config="true" duration-ms="1" started-at="2016-11-21T21:06:47Z" finished-at="2016-11-21T21:06:47Z">
          <params>
            <param index="0">
              <value>
                <![CDATA[public void org.muni.fi.pa165.lang_school.DAO.CourseDAOTest.testUpdateNullCourse()]]>
              </value>
            </param>
          </params>
          <reporter-output>
          </reporter-output>
        </test-method> <!-- springTestContextAfterTestMethod -->
        <test-method status="PASS" signature="springTestContextAfterTestClass()[pri:0, instance:org.muni.fi.pa165.lang_school.DAO.CourseDAOTest@436e852b]" name="springTestContextAfterTestClass" is-config="true" duration-ms="0" started-at="2016-11-21T21:06:47Z" finished-at="2016-11-21T21:06:47Z">
          <reporter-output>
          </reporter-output>
        </test-method> <!-- springTestContextAfterTestClass -->
      </class> <!-- org.muni.fi.pa165.lang_school.DAO.CourseDAOTest -->
      <class name="org.muni.fi.pa165.lang_school.DAO.StudentDAOTest">
        <test-method status="PASS" signature="springTestContextBeforeTestClass()[pri:0, instance:org.muni.fi.pa165.lang_school.DAO.StudentDAOTest@29b5cd00]" name="springTestContextBeforeTestClass" is-config="true" duration-ms="0" started-at="2016-11-21T21:06:47Z" finished-at="2016-11-21T21:06:47Z">
          <reporter-output>
          </reporter-output>
        </test-method> <!-- springTestContextBeforeTestClass -->
        <test-method status="PASS" signature="springTestContextPrepareTestInstance()[pri:0, instance:org.muni.fi.pa165.lang_school.DAO.StudentDAOTest@29b5cd00]" name="springTestContextPrepareTestInstance" is-config="true" duration-ms="3" started-at="2016-11-21T21:06:47Z" depends-on-methods="org.springframework.test.context.testng.AbstractTestNGSpringContextTests.springTestContextBeforeTestClass" finished-at="2016-11-21T21:06:47Z">
          <reporter-output>
          </reporter-output>
        </test-method> <!-- springTestContextPrepareTestInstance -->
        <test-method status="PASS" signature="springTestContextBeforeTestMethod(java.lang.reflect.Method)[pri:0, instance:org.muni.fi.pa165.lang_school.DAO.StudentDAOTest@29b5cd00]" name="springTestContextBeforeTestMethod" is-config="true" duration-ms="2" started-at="2016-11-21T21:06:47Z" finished-at="2016-11-21T21:06:47Z">
          <params>
            <param index="0">
              <value>
                <![CDATA[public void org.muni.fi.pa165.lang_school.DAO.StudentDAOTest.testCreateNullStudent()]]>
              </value>
            </param>
          </params>
          <reporter-output>
          </reporter-output>
        </test-method> <!-- springTestContextBeforeTestMethod -->
        <test-method status="PASS" signature="testCreateNullStudent()[pri:0, instance:org.muni.fi.pa165.lang_school.DAO.StudentDAOTest@29b5cd00]" name="testCreateNullStudent" duration-ms="0" started-at="2016-11-21T21:06:47Z" finished-at="2016-11-21T21:06:47Z">
          <reporter-output>
          </reporter-output>
        </test-method> <!-- testCreateNullStudent -->
        <test-method status="PASS" signature="init()[pri:0, instance:org.muni.fi.pa165.lang_school.DAO.StudentDAOTest@29b5cd00]" name="init" is-config="true" duration-ms="0" started-at="2016-11-21T21:06:47Z" finished-at="2016-11-21T21:06:47Z">
          <reporter-output>
          </reporter-output>
        </test-method> <!-- init -->
        <test-method status="PASS" signature="springTestContextAfterTestMethod(java.lang.reflect.Method)[pri:0, instance:org.muni.fi.pa165.lang_school.DAO.StudentDAOTest@29b5cd00]" name="springTestContextAfterTestMethod" is-config="true" duration-ms="1" started-at="2016-11-21T21:06:47Z" finished-at="2016-11-21T21:06:47Z">
          <params>
            <param index="0">
              <value>
                <![CDATA[public void org.muni.fi.pa165.lang_school.DAO.StudentDAOTest.testCreateNullStudent()]]>
              </value>
            </param>
          </params>
          <reporter-output>
          </reporter-output>
        </test-method> <!-- springTestContextAfterTestMethod -->
        <test-method status="PASS" signature="springTestContextBeforeTestMethod(java.lang.reflect.Method)[pri:0, instance:org.muni.fi.pa165.lang_school.DAO.StudentDAOTest@29b5cd00]" name="springTestContextBeforeTestMethod" is-config="true" duration-ms="2" started-at="2016-11-21T21:06:47Z" finished-at="2016-11-21T21:06:47Z">
          <params>
            <param index="0">
              <value>
                <![CDATA[public void org.muni.fi.pa165.lang_school.DAO.StudentDAOTest.testCreateStudent()]]>
              </value>
            </param>
          </params>
          <reporter-output>
          </reporter-output>
        </test-method> <!-- springTestContextBeforeTestMethod -->
        <test-method status="PASS" signature="testCreateStudent()[pri:0, instance:org.muni.fi.pa165.lang_school.DAO.StudentDAOTest@29b5cd00]" name="testCreateStudent" duration-ms="11" started-at="2016-11-21T21:06:47Z" finished-at="2016-11-21T21:06:47Z">
          <reporter-output>
          </reporter-output>
        </test-method> <!-- testCreateStudent -->
        <test-method status="PASS" signature="init()[pri:0, instance:org.muni.fi.pa165.lang_school.DAO.StudentDAOTest@29b5cd00]" name="init" is-config="true" duration-ms="0" started-at="2016-11-21T21:06:47Z" finished-at="2016-11-21T21:06:47Z">
          <reporter-output>
          </reporter-output>
        </test-method> <!-- init -->
        <test-method status="PASS" signature="springTestContextAfterTestMethod(java.lang.reflect.Method)[pri:0, instance:org.muni.fi.pa165.lang_school.DAO.StudentDAOTest@29b5cd00]" name="springTestContextAfterTestMethod" is-config="true" duration-ms="1" started-at="2016-11-21T21:06:47Z" finished-at="2016-11-21T21:06:47Z">
          <params>
            <param index="0">
              <value>
                <![CDATA[public void org.muni.fi.pa165.lang_school.DAO.StudentDAOTest.testCreateStudent()]]>
              </value>
            </param>
          </params>
          <reporter-output>
          </reporter-output>
        </test-method> <!-- springTestContextAfterTestMethod -->
        <test-method status="PASS" signature="springTestContextBeforeTestMethod(java.lang.reflect.Method)[pri:0, instance:org.muni.fi.pa165.lang_school.DAO.StudentDAOTest@29b5cd00]" name="springTestContextBeforeTestMethod" is-config="true" duration-ms="2" started-at="2016-11-21T21:06:47Z" finished-at="2016-11-21T21:06:47Z">
          <params>
            <param index="0">
              <value>
                <![CDATA[public void org.muni.fi.pa165.lang_school.DAO.StudentDAOTest.testDeleteNullStudent()]]>
              </value>
            </param>
          </params>
          <reporter-output>
          </reporter-output>
        </test-method> <!-- springTestContextBeforeTestMethod -->
        <test-method status="PASS" signature="init()[pri:0, instance:org.muni.fi.pa165.lang_school.DAO.StudentDAOTest@29b5cd00]" name="init" is-config="true" duration-ms="0" started-at="2016-11-21T21:06:47Z" finished-at="2016-11-21T21:06:47Z">
          <reporter-output>
          </reporter-output>
        </test-method> <!-- init -->
        <test-method status="PASS" signature="testDeleteNullStudent()[pri:0, instance:org.muni.fi.pa165.lang_school.DAO.StudentDAOTest@29b5cd00]" name="testDeleteNullStudent" duration-ms="0" started-at="2016-11-21T21:06:47Z" finished-at="2016-11-21T21:06:47Z">
          <reporter-output>
          </reporter-output>
        </test-method> <!-- testDeleteNullStudent -->
        <test-method status="PASS" signature="springTestContextAfterTestMethod(java.lang.reflect.Method)[pri:0, instance:org.muni.fi.pa165.lang_school.DAO.StudentDAOTest@29b5cd00]" name="springTestContextAfterTestMethod" is-config="true" duration-ms="1" started-at="2016-11-21T21:06:47Z" finished-at="2016-11-21T21:06:47Z">
          <params>
            <param index="0">
              <value>
                <![CDATA[public void org.muni.fi.pa165.lang_school.DAO.StudentDAOTest.testDeleteNullStudent()]]>
              </value>
            </param>
          </params>
          <reporter-output>
          </reporter-output>
        </test-method> <!-- springTestContextAfterTestMethod -->
        <test-method status="PASS" signature="springTestContextBeforeTestMethod(java.lang.reflect.Method)[pri:0, instance:org.muni.fi.pa165.lang_school.DAO.StudentDAOTest@29b5cd00]" name="springTestContextBeforeTestMethod" is-config="true" duration-ms="1" started-at="2016-11-21T21:06:47Z" finished-at="2016-11-21T21:06:47Z">
          <params>
            <param index="0">
              <value>
                <![CDATA[public void org.muni.fi.pa165.lang_school.DAO.StudentDAOTest.testDeleteStudent()]]>
              </value>
            </param>
          </params>
          <reporter-output>
          </reporter-output>
        </test-method> <!-- springTestContextBeforeTestMethod -->
        <test-method status="PASS" signature="testDeleteStudent()[pri:0, instance:org.muni.fi.pa165.lang_school.DAO.StudentDAOTest@29b5cd00]" name="testDeleteStudent" duration-ms="2" started-at="2016-11-21T21:06:47Z" finished-at="2016-11-21T21:06:47Z">
          <reporter-output>
          </reporter-output>
        </test-method> <!-- testDeleteStudent -->
        <test-method status="PASS" signature="init()[pri:0, instance:org.muni.fi.pa165.lang_school.DAO.StudentDAOTest@29b5cd00]" name="init" is-config="true" duration-ms="0" started-at="2016-11-21T21:06:47Z" finished-at="2016-11-21T21:06:47Z">
          <reporter-output>
          </reporter-output>
        </test-method> <!-- init -->
        <test-method status="PASS" signature="springTestContextAfterTestMethod(java.lang.reflect.Method)[pri:0, instance:org.muni.fi.pa165.lang_school.DAO.StudentDAOTest@29b5cd00]" name="springTestContextAfterTestMethod" is-config="true" duration-ms="1" started-at="2016-11-21T21:06:47Z" finished-at="2016-11-21T21:06:47Z">
          <params>
            <param index="0">
              <value>
                <![CDATA[public void org.muni.fi.pa165.lang_school.DAO.StudentDAOTest.testDeleteStudent()]]>
              </value>
            </param>
          </params>
          <reporter-output>
          </reporter-output>
        </test-method> <!-- springTestContextAfterTestMethod -->
        <test-method status="PASS" signature="springTestContextBeforeTestMethod(java.lang.reflect.Method)[pri:0, instance:org.muni.fi.pa165.lang_school.DAO.StudentDAOTest@29b5cd00]" name="springTestContextBeforeTestMethod" is-config="true" duration-ms="2" started-at="2016-11-21T21:06:47Z" finished-at="2016-11-21T21:06:47Z">
          <params>
            <param index="0">
              <value>
                <![CDATA[public void org.muni.fi.pa165.lang_school.DAO.StudentDAOTest.testDuplicateId()]]>
              </value>
            </param>
          </params>
          <reporter-output>
          </reporter-output>
        </test-method> <!-- springTestContextBeforeTestMethod -->
        <test-method status="PASS" signature="init()[pri:0, instance:org.muni.fi.pa165.lang_school.DAO.StudentDAOTest@29b5cd00]" name="init" is-config="true" duration-ms="0" started-at="2016-11-21T21:06:47Z" finished-at="2016-11-21T21:06:47Z">
          <reporter-output>
          </reporter-output>
        </test-method> <!-- init -->
        <test-method status="PASS" signature="testDuplicateId()[pri:0, instance:org.muni.fi.pa165.lang_school.DAO.StudentDAOTest@29b5cd00]" name="testDuplicateId" duration-ms="2" started-at="2016-11-21T21:06:47Z" finished-at="2016-11-21T21:06:47Z">
          <reporter-output>
          </reporter-output>
        </test-method> <!-- testDuplicateId -->
        <test-method status="PASS" signature="springTestContextAfterTestMethod(java.lang.reflect.Method)[pri:0, instance:org.muni.fi.pa165.lang_school.DAO.StudentDAOTest@29b5cd00]" name="springTestContextAfterTestMethod" is-config="true" duration-ms="1" started-at="2016-11-21T21:06:47Z" finished-at="2016-11-21T21:06:47Z">
          <params>
            <param index="0">
              <value>
                <![CDATA[public void org.muni.fi.pa165.lang_school.DAO.StudentDAOTest.testDuplicateId()]]>
              </value>
            </param>
          </params>
          <reporter-output>
          </reporter-output>
        </test-method> <!-- springTestContextAfterTestMethod -->
        <test-method status="PASS" signature="springTestContextBeforeTestMethod(java.lang.reflect.Method)[pri:0, instance:org.muni.fi.pa165.lang_school.DAO.StudentDAOTest@29b5cd00]" name="springTestContextBeforeTestMethod" is-config="true" duration-ms="1" started-at="2016-11-21T21:06:47Z" finished-at="2016-11-21T21:06:47Z">
          <params>
            <param index="0">
              <value>
                <![CDATA[public void org.muni.fi.pa165.lang_school.DAO.StudentDAOTest.testFindByIdNameAndSurname()]]>
              </value>
            </param>
          </params>
          <reporter-output>
          </reporter-output>
        </test-method> <!-- springTestContextBeforeTestMethod -->
        <test-method status="PASS" signature="testFindByIdNameAndSurname()[pri:0, instance:org.muni.fi.pa165.lang_school.DAO.StudentDAOTest@29b5cd00]" name="testFindByIdNameAndSurname" duration-ms="12" started-at="2016-11-21T21:06:47Z" finished-at="2016-11-21T21:06:47Z">
          <reporter-output>
          </reporter-output>
        </test-method> <!-- testFindByIdNameAndSurname -->
        <test-method status="PASS" signature="init()[pri:0, instance:org.muni.fi.pa165.lang_school.DAO.StudentDAOTest@29b5cd00]" name="init" is-config="true" duration-ms="0" started-at="2016-11-21T21:06:47Z" finished-at="2016-11-21T21:06:47Z">
          <reporter-output>
          </reporter-output>
        </test-method> <!-- init -->
        <test-method status="PASS" signature="springTestContextAfterTestMethod(java.lang.reflect.Method)[pri:0, instance:org.muni.fi.pa165.lang_school.DAO.StudentDAOTest@29b5cd00]" name="springTestContextAfterTestMethod" is-config="true" duration-ms="2" started-at="2016-11-21T21:06:47Z" finished-at="2016-11-21T21:06:47Z">
          <params>
            <param index="0">
              <value>
                <![CDATA[public void org.muni.fi.pa165.lang_school.DAO.StudentDAOTest.testFindByIdNameAndSurname()]]>
              </value>
            </param>
          </params>
          <reporter-output>
          </reporter-output>
        </test-method> <!-- springTestContextAfterTestMethod -->
        <test-method status="PASS" signature="springTestContextBeforeTestMethod(java.lang.reflect.Method)[pri:0, instance:org.muni.fi.pa165.lang_school.DAO.StudentDAOTest@29b5cd00]" name="springTestContextBeforeTestMethod" is-config="true" duration-ms="1" started-at="2016-11-21T21:06:47Z" finished-at="2016-11-21T21:06:47Z">
          <params>
            <param index="0">
              <value>
                <![CDATA[public void org.muni.fi.pa165.lang_school.DAO.StudentDAOTest.testFindByNameAndSurname()]]>
              </value>
            </param>
          </params>
          <reporter-output>
          </reporter-output>
        </test-method> <!-- springTestContextBeforeTestMethod -->
        <test-method status="PASS" signature="init()[pri:0, instance:org.muni.fi.pa165.lang_school.DAO.StudentDAOTest@29b5cd00]" name="init" is-config="true" duration-ms="0" started-at="2016-11-21T21:06:47Z" finished-at="2016-11-21T21:06:47Z">
          <reporter-output>
          </reporter-output>
        </test-method> <!-- init -->
        <test-method status="PASS" signature="testFindByNameAndSurname()[pri:0, instance:org.muni.fi.pa165.lang_school.DAO.StudentDAOTest@29b5cd00]" name="testFindByNameAndSurname" duration-ms="11" started-at="2016-11-21T21:06:47Z" finished-at="2016-11-21T21:06:47Z">
          <reporter-output>
          </reporter-output>
        </test-method> <!-- testFindByNameAndSurname -->
        <test-method status="PASS" signature="springTestContextAfterTestMethod(java.lang.reflect.Method)[pri:0, instance:org.muni.fi.pa165.lang_school.DAO.StudentDAOTest@29b5cd00]" name="springTestContextAfterTestMethod" is-config="true" duration-ms="1" started-at="2016-11-21T21:06:47Z" finished-at="2016-11-21T21:06:47Z">
          <params>
            <param index="0">
              <value>
                <![CDATA[public void org.muni.fi.pa165.lang_school.DAO.StudentDAOTest.testFindByNameAndSurname()]]>
              </value>
            </param>
          </params>
          <reporter-output>
          </reporter-output>
        </test-method> <!-- springTestContextAfterTestMethod -->
        <test-method status="PASS" signature="springTestContextBeforeTestMethod(java.lang.reflect.Method)[pri:0, instance:org.muni.fi.pa165.lang_school.DAO.StudentDAOTest@29b5cd00]" name="springTestContextBeforeTestMethod" is-config="true" duration-ms="1" started-at="2016-11-21T21:06:47Z" finished-at="2016-11-21T21:06:47Z">
          <params>
            <param index="0">
              <value>
                <![CDATA[public void org.muni.fi.pa165.lang_school.DAO.StudentDAOTest.testReadByColumn()]]>
              </value>
            </param>
          </params>
          <reporter-output>
          </reporter-output>
        </test-method> <!-- springTestContextBeforeTestMethod -->
        <test-method status="PASS" signature="testReadByColumn()[pri:0, instance:org.muni.fi.pa165.lang_school.DAO.StudentDAOTest@29b5cd00]" name="testReadByColumn" duration-ms="12" started-at="2016-11-21T21:06:47Z" finished-at="2016-11-21T21:06:47Z">
          <reporter-output>
          </reporter-output>
        </test-method> <!-- testReadByColumn -->
        <test-method status="PASS" signature="init()[pri:0, instance:org.muni.fi.pa165.lang_school.DAO.StudentDAOTest@29b5cd00]" name="init" is-config="true" duration-ms="0" started-at="2016-11-21T21:06:47Z" finished-at="2016-11-21T21:06:47Z">
          <reporter-output>
          </reporter-output>
        </test-method> <!-- init -->
        <test-method status="PASS" signature="springTestContextAfterTestMethod(java.lang.reflect.Method)[pri:0, instance:org.muni.fi.pa165.lang_school.DAO.StudentDAOTest@29b5cd00]" name="springTestContextAfterTestMethod" is-config="true" duration-ms="2" started-at="2016-11-21T21:06:47Z" finished-at="2016-11-21T21:06:47Z">
          <params>
            <param index="0">
              <value>
                <![CDATA[public void org.muni.fi.pa165.lang_school.DAO.StudentDAOTest.testReadByColumn()]]>
              </value>
            </param>
          </params>
          <reporter-output>
          </reporter-output>
        </test-method> <!-- springTestContextAfterTestMethod -->
        <test-method status="PASS" signature="springTestContextBeforeTestMethod(java.lang.reflect.Method)[pri:0, instance:org.muni.fi.pa165.lang_school.DAO.StudentDAOTest@29b5cd00]" name="springTestContextBeforeTestMethod" is-config="true" duration-ms="1" started-at="2016-11-21T21:06:47Z" finished-at="2016-11-21T21:06:47Z">
          <params>
            <param index="0">
              <value>
                <![CDATA[public void org.muni.fi.pa165.lang_school.DAO.StudentDAOTest.testReadById()]]>
              </value>
            </param>
          </params>
          <reporter-output>
          </reporter-output>
        </test-method> <!-- springTestContextBeforeTestMethod -->
        <test-method status="PASS" signature="init()[pri:0, instance:org.muni.fi.pa165.lang_school.DAO.StudentDAOTest@29b5cd00]" name="init" is-config="true" duration-ms="0" started-at="2016-11-21T21:06:47Z" finished-at="2016-11-21T21:06:47Z">
          <reporter-output>
          </reporter-output>
        </test-method> <!-- init -->
        <test-method status="PASS" signature="testReadById()[pri:0, instance:org.muni.fi.pa165.lang_school.DAO.StudentDAOTest@29b5cd00]" name="testReadById" duration-ms="16" started-at="2016-11-21T21:06:47Z" finished-at="2016-11-21T21:06:47Z">
          <reporter-output>
          </reporter-output>
        </test-method> <!-- testReadById -->
        <test-method status="PASS" signature="springTestContextAfterTestMethod(java.lang.reflect.Method)[pri:0, instance:org.muni.fi.pa165.lang_school.DAO.StudentDAOTest@29b5cd00]" name="springTestContextAfterTestMethod" is-config="true" duration-ms="2" started-at="2016-11-21T21:06:47Z" finished-at="2016-11-21T21:06:47Z">
          <params>
            <param index="0">
              <value>
                <![CDATA[public void org.muni.fi.pa165.lang_school.DAO.StudentDAOTest.testReadById()]]>
              </value>
            </param>
          </params>
          <reporter-output>
          </reporter-output>
        </test-method> <!-- springTestContextAfterTestMethod -->
        <test-method status="PASS" signature="springTestContextBeforeTestMethod(java.lang.reflect.Method)[pri:0, instance:org.muni.fi.pa165.lang_school.DAO.StudentDAOTest@29b5cd00]" name="springTestContextBeforeTestMethod" is-config="true" duration-ms="1" started-at="2016-11-21T21:06:47Z" finished-at="2016-11-21T21:06:47Z">
          <params>
            <param index="0">
              <value>
                <![CDATA[public void org.muni.fi.pa165.lang_school.DAO.StudentDAOTest.testReadByNullId()]]>
              </value>
            </param>
          </params>
          <reporter-output>
          </reporter-output>
        </test-method> <!-- springTestContextBeforeTestMethod -->
        <test-method status="PASS" signature="init()[pri:0, instance:org.muni.fi.pa165.lang_school.DAO.StudentDAOTest@29b5cd00]" name="init" is-config="true" duration-ms="0" started-at="2016-11-21T21:06:47Z" finished-at="2016-11-21T21:06:47Z">
          <reporter-output>
          </reporter-output>
        </test-method> <!-- init -->
        <test-method status="PASS" signature="testReadByNullId()[pri:0, instance:org.muni.fi.pa165.lang_school.DAO.StudentDAOTest@29b5cd00]" name="testReadByNullId" duration-ms="1" started-at="2016-11-21T21:06:47Z" finished-at="2016-11-21T21:06:47Z">
          <reporter-output>
          </reporter-output>
        </test-method> <!-- testReadByNullId -->
        <test-method status="PASS" signature="springTestContextAfterTestMethod(java.lang.reflect.Method)[pri:0, instance:org.muni.fi.pa165.lang_school.DAO.StudentDAOTest@29b5cd00]" name="springTestContextAfterTestMethod" is-config="true" duration-ms="1" started-at="2016-11-21T21:06:47Z" finished-at="2016-11-21T21:06:47Z">
          <params>
            <param index="0">
              <value>
                <![CDATA[public void org.muni.fi.pa165.lang_school.DAO.StudentDAOTest.testReadByNullId()]]>
              </value>
            </param>
          </params>
          <reporter-output>
          </reporter-output>
        </test-method> <!-- springTestContextAfterTestMethod -->
        <test-method status="PASS" signature="springTestContextBeforeTestMethod(java.lang.reflect.Method)[pri:0, instance:org.muni.fi.pa165.lang_school.DAO.StudentDAOTest@29b5cd00]" name="springTestContextBeforeTestMethod" is-config="true" duration-ms="1" started-at="2016-11-21T21:06:47Z" finished-at="2016-11-21T21:06:47Z">
          <params>
            <param index="0">
              <value>
                <![CDATA[public void org.muni.fi.pa165.lang_school.DAO.StudentDAOTest.testUpdateNullStudent()]]>
              </value>
            </param>
          </params>
          <reporter-output>
          </reporter-output>
        </test-method> <!-- springTestContextBeforeTestMethod -->
        <test-method status="PASS" signature="testUpdateNullStudent()[pri:0, instance:org.muni.fi.pa165.lang_school.DAO.StudentDAOTest@29b5cd00]" name="testUpdateNullStudent" duration-ms="1" started-at="2016-11-21T21:06:47Z" finished-at="2016-11-21T21:06:47Z">
          <reporter-output>
          </reporter-output>
        </test-method> <!-- testUpdateNullStudent -->
        <test-method status="PASS" signature="init()[pri:0, instance:org.muni.fi.pa165.lang_school.DAO.StudentDAOTest@29b5cd00]" name="init" is-config="true" duration-ms="0" started-at="2016-11-21T21:06:47Z" finished-at="2016-11-21T21:06:47Z">
          <reporter-output>
          </reporter-output>
        </test-method> <!-- init -->
        <test-method status="PASS" signature="springTestContextBeforeTestMethod(java.lang.reflect.Method)[pri:0, instance:org.muni.fi.pa165.lang_school.DAO.StudentDAOTest@29b5cd00]" name="springTestContextBeforeTestMethod" is-config="true" duration-ms="2" started-at="2016-11-21T21:06:47Z" finished-at="2016-11-21T21:06:47Z">
          <params>
            <param index="0">
              <value>
                <![CDATA[public void org.muni.fi.pa165.lang_school.DAO.StudentDAOTest.testUpdateStudent()]]>
              </value>
            </param>
          </params>
          <reporter-output>
          </reporter-output>
        </test-method> <!-- springTestContextBeforeTestMethod -->
        <test-method status="PASS" signature="springTestContextAfterTestMethod(java.lang.reflect.Method)[pri:0, instance:org.muni.fi.pa165.lang_school.DAO.StudentDAOTest@29b5cd00]" name="springTestContextAfterTestMethod" is-config="true" duration-ms="0" started-at="2016-11-21T21:06:47Z" finished-at="2016-11-21T21:06:47Z">
          <params>
            <param index="0">
              <value>
                <![CDATA[public void org.muni.fi.pa165.lang_school.DAO.StudentDAOTest.testUpdateNullStudent()]]>
              </value>
            </param>
          </params>
          <reporter-output>
          </reporter-output>
        </test-method> <!-- springTestContextAfterTestMethod -->
        <test-method status="PASS" signature="testUpdateStudent()[pri:0, instance:org.muni.fi.pa165.lang_school.DAO.StudentDAOTest@29b5cd00]" name="testUpdateStudent" duration-ms="11" started-at="2016-11-21T21:06:47Z" finished-at="2016-11-21T21:06:47Z">
          <reporter-output>
          </reporter-output>
        </test-method> <!-- testUpdateStudent -->
        <test-method status="PASS" signature="init()[pri:0, instance:org.muni.fi.pa165.lang_school.DAO.StudentDAOTest@29b5cd00]" name="init" is-config="true" duration-ms="0" started-at="2016-11-21T21:06:47Z" finished-at="2016-11-21T21:06:47Z">
          <reporter-output>
          </reporter-output>
        </test-method> <!-- init -->
        <test-method status="PASS" signature="springTestContextAfterTestMethod(java.lang.reflect.Method)[pri:0, instance:org.muni.fi.pa165.lang_school.DAO.StudentDAOTest@29b5cd00]" name="springTestContextAfterTestMethod" is-config="true" duration-ms="1" started-at="2016-11-21T21:06:47Z" finished-at="2016-11-21T21:06:47Z">
          <params>
            <param index="0">
              <value>
                <![CDATA[public void org.muni.fi.pa165.lang_school.DAO.StudentDAOTest.testUpdateStudent()]]>
              </value>
            </param>
          </params>
          <reporter-output>
          </reporter-output>
        </test-method> <!-- springTestContextAfterTestMethod -->
        <test-method status="PASS" signature="springTestContextAfterTestClass()[pri:0, instance:org.muni.fi.pa165.lang_school.DAO.StudentDAOTest@29b5cd00]" name="springTestContextAfterTestClass" is-config="true" duration-ms="0" started-at="2016-11-21T21:06:47Z" finished-at="2016-11-21T21:06:47Z">
          <reporter-output>
          </reporter-output>
        </test-method> <!-- springTestContextAfterTestClass -->
      </class> <!-- org.muni.fi.pa165.lang_school.DAO.StudentDAOTest -->
      <class name="org.muni.fi.pa165.lang_school.DAO.LecturerDAOTest">
        <test-method status="PASS" signature="springTestContextBeforeTestClass()[pri:0, instance:org.muni.fi.pa165.lang_school.DAO.LecturerDAOTest@7ce6a65d]" name="springTestContextBeforeTestClass" is-config="true" duration-ms="0" started-at="2016-11-21T21:06:47Z" finished-at="2016-11-21T21:06:47Z">
          <reporter-output>
          </reporter-output>
        </test-method> <!-- springTestContextBeforeTestClass -->
        <test-method status="PASS" signature="springTestContextPrepareTestInstance()[pri:0, instance:org.muni.fi.pa165.lang_school.DAO.LecturerDAOTest@7ce6a65d]" name="springTestContextPrepareTestInstance" is-config="true" duration-ms="6" started-at="2016-11-21T21:06:47Z" depends-on-methods="org.springframework.test.context.testng.AbstractTestNGSpringContextTests.springTestContextBeforeTestClass" finished-at="2016-11-21T21:06:47Z">
          <reporter-output>
          </reporter-output>
        </test-method> <!-- springTestContextPrepareTestInstance -->
        <test-method status="PASS" signature="springTestContextBeforeTestMethod(java.lang.reflect.Method)[pri:0, instance:org.muni.fi.pa165.lang_school.DAO.LecturerDAOTest@7ce6a65d]" name="springTestContextBeforeTestMethod" is-config="true" duration-ms="3" started-at="2016-11-21T21:06:47Z" finished-at="2016-11-21T21:06:47Z">
          <params>
            <param index="0">
              <value>
                <![CDATA[public void org.muni.fi.pa165.lang_school.DAO.LecturerDAOTest.testCreateLecturer()]]>
              </value>
            </param>
          </params>
          <reporter-output>
          </reporter-output>
        </test-method> <!-- springTestContextBeforeTestMethod -->
        <test-method status="PASS" signature="testCreateLecturer()[pri:0, instance:org.muni.fi.pa165.lang_school.DAO.LecturerDAOTest@7ce6a65d]" name="testCreateLecturer" duration-ms="20" started-at="2016-11-21T21:06:47Z" finished-at="2016-11-21T21:06:47Z">
          <reporter-output>
          </reporter-output>
        </test-method> <!-- testCreateLecturer -->
        <test-method status="PASS" signature="init()[pri:0, instance:org.muni.fi.pa165.lang_school.DAO.LecturerDAOTest@7ce6a65d]" name="init" is-config="true" duration-ms="0" started-at="2016-11-21T21:06:47Z" finished-at="2016-11-21T21:06:47Z">
          <reporter-output>
          </reporter-output>
        </test-method> <!-- init -->
        <test-method status="PASS" signature="springTestContextAfterTestMethod(java.lang.reflect.Method)[pri:0, instance:org.muni.fi.pa165.lang_school.DAO.LecturerDAOTest@7ce6a65d]" name="springTestContextAfterTestMethod" is-config="true" duration-ms="2" started-at="2016-11-21T21:06:47Z" finished-at="2016-11-21T21:06:47Z">
          <params>
[...]
              </value>
            </param>
          </params>
          <reporter-output>
          </reporter-output>
        </test-method> <!-- springTestContextAfterTestMethod -->
        <test-method status="PASS" signature="init()[pri:0, instance:org.muni.fi.pa165.lang_school.DAO.LecturerDAOTest@7ce6a65d]" name="init" is-config="true" duration-ms="0" started-at="2016-11-21T21:06:47Z" finished-at="2016-11-21T21:06:47Z">
          <reporter-output>
          </reporter-output>
        </test-method> <!-- init -->
        <test-method status="PASS" signature="springTestContextBeforeTestMethod(java.lang.reflect.Method)[pri:0, instance:org.muni.fi.pa165.lang_school.DAO.LecturerDAOTest@7ce6a65d]" name="springTestContextBeforeTestMethod" is-config="true" duration-ms="3" started-at="2016-11-21T21:06:47Z" finished-at="2016-11-21T21:06:47Z">
          <params>
            <param index="0">
              <value>
                <![CDATA[public void org.muni.fi.pa165.lang_school.DAO.LecturerDAOTest.testDeleteLecturer()]]>
              </value>
            </param>
          </params>
          <reporter-output>
          </reporter-output>
        </test-method> <!-- springTestContextBeforeTestMethod -->
        <test-method status="PASS" signature="init()[pri:0, instance:org.muni.fi.pa165.lang_school.DAO.LecturerDAOTest@7ce6a65d]" name="init" is-config="true" duration-ms="1" started-at="2016-11-21T21:06:47Z" finished-at="2016-11-21T21:06:47Z">
          <reporter-output>
          </reporter-output>
        </test-method> <!-- init -->
        <test-method status="PASS" signature="testDeleteLecturer()[pri:0, instance:org.muni.fi.pa165.lang_school.DAO.LecturerDAOTest@7ce6a65d]" name="testDeleteLecturer" duration-ms="8" started-at="2016-11-21T21:06:47Z" finished-at="2016-11-21T21:06:47Z">
          <reporter-output>
          </reporter-output>
        </test-method> <!-- testDeleteLecturer -->
        <test-method status="PASS" signature="springTestContextAfterTestMethod(java.lang.reflect.Method)[pri:0, instance:org.muni.fi.pa165.lang_school.DAO.LecturerDAOTest@7ce6a65d]" name="springTestContextAfterTestMethod" is-config="true" duration-ms="1" started-at="2016-11-21T21:06:47Z" finished-at="2016-11-21T21:06:47Z">
          <params>
            <param index="0">
              <value>
                <![CDATA[public void org.muni.fi.pa165.lang_school.DAO.LecturerDAOTest.testDeleteLecturer()]]>
              </value>
            </param>
          </params>
          <reporter-output>
          </reporter-output>
        </test-method> <!-- springTestContextAfterTestMethod -->
        <test-method status="PASS" signature="springTestContextBeforeTestMethod(java.lang.reflect.Method)[pri:0, instance:org.muni.fi.pa165.lang_school.DAO.LecturerDAOTest@7ce6a65d]" name="springTestContextBeforeTestMethod" is-config="true" duration-ms="1" started-at="2016-11-21T21:06:47Z" finished-at="2016-11-21T21:06:47Z">
          <params>
            <param index="0">
              <value>
                <![CDATA[public void org.muni.fi.pa165.lang_school.DAO.LecturerDAOTest.testDeleteNullLecturer()]]>
              </value>
            </param>
          </params>
          <reporter-output>
          </reporter-output>
        </test-method> <!-- springTestContextBeforeTestMethod -->
        <test-method status="PASS" signature="testDeleteNullLecturer()[pri:0, instance:org.muni.fi.pa165.lang_school.DAO.LecturerDAOTest@7ce6a65d]" name="testDeleteNullLecturer" duration-ms="1" started-at="2016-11-21T21:06:47Z" finished-at="2016-11-21T21:06:47Z">
          <reporter-output>
          </reporter-output>
        </test-method> <!-- testDeleteNullLecturer -->
        <test-method status="PASS" signature="init()[pri:0, instance:org.muni.fi.pa165.lang_school.DAO.LecturerDAOTest@7ce6a65d]" name="init" is-config="true" duration-ms="0" started-at="2016-11-21T21:06:47Z" finished-at="2016-11-21T21:06:47Z">
          <reporter-output>
          </reporter-output>
        </test-method> <!-- init -->
        <test-method status="PASS" signature="springTestContextAfterTestMethod(java.lang.reflect.Method)[pri:0, instance:org.muni.fi.pa165.lang_school.DAO.LecturerDAOTest@7ce6a65d]" name="springTestContextAfterTestMethod" is-config="true" duration-ms="1" started-at="2016-11-21T21:06:47Z" finished-at="2016-11-21T21:06:47Z">
          <params>
            <param index="0">
              <value>
                <![CDATA[public void org.muni.fi.pa165.lang_school.DAO.LecturerDAOTest.testDeleteNullLecturer()]]>
              </value>
            </param>
          </params>
          <reporter-output>
          </reporter-output>
        </test-method> <!-- springTestContextAfterTestMethod -->
        <test-method status="PASS" signature="springTestContextBeforeTestMethod(java.lang.reflect.Method)[pri:0, instance:org.muni.fi.pa165.lang_school.DAO.LecturerDAOTest@7ce6a65d]" name="springTestContextBeforeTestMethod" is-config="true" duration-ms="1" started-at="2016-11-21T21:06:47Z" finished-at="2016-11-21T21:06:47Z">
          <params>
            <param index="0">
              <value>
                <![CDATA[public void org.muni.fi.pa165.lang_school.DAO.LecturerDAOTest.testDuplicateId()]]>
              </value>
            </param>
          </params>
          <reporter-output>
          </reporter-output>
        </test-method> <!-- springTestContextBeforeTestMethod -->
        <test-method status="PASS" signature="init()[pri:0, instance:org.muni.fi.pa165.lang_school.DAO.LecturerDAOTest@7ce6a65d]" name="init" is-config="true" duration-ms="1" started-at="2016-11-21T21:06:47Z" finished-at="2016-11-21T21:06:47Z">
          <reporter-output>
          </reporter-output>
        </test-method> <!-- init -->
        <test-method status="PASS" signature="testDuplicateId()[pri:0, instance:org.muni.fi.pa165.lang_school.DAO.LecturerDAOTest@7ce6a65d]" name="testDuplicateId" duration-ms="2" started-at="2016-11-21T21:06:47Z" finished-at="2016-11-21T21:06:47Z">
          <reporter-output>
          </reporter-output>
        </test-method> <!-- testDuplicateId -->
        <test-method status="PASS" signature="springTestContextAfterTestMethod(java.lang.reflect.Method)[pri:0, instance:org.muni.fi.pa165.lang_school.DAO.LecturerDAOTest@7ce6a65d]" name="springTestContextAfterTestMethod" is-config="true" duration-ms="1" started-at="2016-11-21T21:06:47Z" finished-at="2016-11-21T21:06:47Z">
          <params>
            <param index="0">
              <value>
                <![CDATA[public void org.muni.fi.pa165.lang_school.DAO.LecturerDAOTest.testDuplicateId()]]>
              </value>
            </param>
          </params>
          <reporter-output>
          </reporter-output>
        </test-method> <!-- springTestContextAfterTestMethod -->
        <test-method status="PASS" signature="springTestContextBeforeTestMethod(java.lang.reflect.Method)[pri:0, instance:org.muni.fi.pa165.lang_school.DAO.LecturerDAOTest@7ce6a65d]" name="springTestContextBeforeTestMethod" is-config="true" duration-ms="2" started-at="2016-11-21T21:06:47Z" finished-at="2016-11-21T21:06:47Z">
          <params>
            <param index="0">
              <value>
                <![CDATA[public void org.muni.fi.pa165.lang_school.DAO.LecturerDAOTest.testFindByName()]]>
              </value>
            </param>
          </params>
          <reporter-output>
          </reporter-output>
        </test-method> <!-- springTestContextBeforeTestMethod -->
        <test-method status="PASS" signature="init()[pri:0, instance:org.muni.fi.pa165.lang_school.DAO.LecturerDAOTest@7ce6a65d]" name="init" is-config="true" duration-ms="0" started-at="2016-11-21T21:06:47Z" finished-at="2016-11-21T21:06:47Z">
          <reporter-output>
          </reporter-output>
        </test-method> <!-- init -->
        <test-method status="PASS" signature="testFindByName()[pri:0, instance:org.muni.fi.pa165.lang_school.DAO.LecturerDAOTest@7ce6a65d]" name="testFindByName" duration-ms="8" started-at="2016-11-21T21:06:47Z" finished-at="2016-11-21T21:06:47Z">
          <reporter-output>
          </reporter-output>
        </test-method> <!-- testFindByName -->
        <test-method status="PASS" signature="springTestContextAfterTestMethod(java.lang.reflect.Method)[pri:0, instance:org.muni.fi.pa165.lang_school.DAO.LecturerDAOTest@7ce6a65d]" name="springTestContextAfterTestMethod" is-config="true" duration-ms="2" started-at="2016-11-21T21:06:47Z" finished-at="2016-11-21T21:06:47Z">
          <params>
            <param index="0">
              <value>
                <![CDATA[public void org.muni.fi.pa165.lang_school.DAO.LecturerDAOTest.testFindByName()]]>
              </value>
            </param>
          </params>
          <reporter-output>
          </reporter-output>
        </test-method> <!-- springTestContextAfterTestMethod -->
        <test-method status="PASS" signature="springTestContextBeforeTestMethod(java.lang.reflect.Method)[pri:0, instance:org.muni.fi.pa165.lang_school.DAO.LecturerDAOTest@7ce6a65d]" name="springTestContextBeforeTestMethod" is-config="true" duration-ms="1" started-at="2016-11-21T21:06:47Z" finished-at="2016-11-21T21:06:47Z">
          <params>
            <param index="0">
              <value>
                <![CDATA[public void org.muni.fi.pa165.lang_school.DAO.LecturerDAOTest.testReadByColumn()]]>
              </value>
            </param>
          </params>
          <reporter-output>
          </reporter-output>
        </test-method> <!-- springTestContextBeforeTestMethod -->
        <test-method status="PASS" signature="init()[pri:0, instance:org.muni.fi.pa165.lang_school.DAO.LecturerDAOTest@7ce6a65d]" name="init" is-config="true" duration-ms="0" started-at="2016-11-21T21:06:47Z" finished-at="2016-11-21T21:06:47Z">
          <reporter-output>
          </reporter-output>
        </test-method> <!-- init -->
        <test-method status="PASS" signature="testReadByColumn()[pri:0, instance:org.muni.fi.pa165.lang_school.DAO.LecturerDAOTest@7ce6a65d]" name="testReadByColumn" duration-ms="9" started-at="2016-11-21T21:06:47Z" finished-at="2016-11-21T21:06:47Z">
          <reporter-output>
          </reporter-output>
        </test-method> <!-- testReadByColumn -->
        <test-method status="PASS" signature="springTestContextAfterTestMethod(java.lang.reflect.Method)[pri:0, instance:org.muni.fi.pa165.lang_school.DAO.LecturerDAOTest@7ce6a65d]" name="springTestContextAfterTestMethod" is-config="true" duration-ms="1" started-at="2016-11-21T21:06:47Z" finished-at="2016-11-21T21:06:47Z">
          <params>
            <param index="0">
              <value>
                <![CDATA[public void org.muni.fi.pa165.lang_school.DAO.LecturerDAOTest.testReadByColumn()]]>
              </value>
            </param>
          </params>
          <reporter-output>
          </reporter-output>
        </test-method> <!-- springTestContextAfterTestMethod -->
        <test-method status="PASS" signature="springTestContextBeforeTestMethod(java.lang.reflect.Method)[pri:0, instance:org.muni.fi.pa165.lang_school.DAO.LecturerDAOTest@7ce6a65d]" name="springTestContextBeforeTestMethod" is-config="true" duration-ms="4" started-at="2016-11-21T21:06:47Z" finished-at="2016-11-21T21:06:47Z">
          <params>
            <param index="0">
              <value>
                <![CDATA[public void org.muni.fi.pa165.lang_school.DAO.LecturerDAOTest.testReadById()]]>
              </value>
            </param>
          </params>
          <reporter-output>
          </reporter-output>
        </test-method> <!-- springTestContextBeforeTestMethod -->
        <test-method status="PASS" signature="testReadById()[pri:0, instance:org.muni.fi.pa165.lang_school.DAO.LecturerDAOTest@7ce6a65d]" name="testReadById" duration-ms="6" started-at="2016-11-21T21:06:47Z" finished-at="2016-11-21T21:06:47Z">
          <reporter-output>
          </reporter-output>
        </test-method> <!-- testReadById -->
        <test-method status="PASS" signature="init()[pri:0, instance:org.muni.fi.pa165.lang_school.DAO.LecturerDAOTest@7ce6a65d]" name="init" is-config="true" duration-ms="0" started-at="2016-11-21T21:06:47Z" finished-at="2016-11-21T21:06:47Z">
          <reporter-output>
          </reporter-output>
        </test-method> <!-- init -->
        <test-method status="PASS" signature="springTestContextAfterTestMethod(java.lang.reflect.Method)[pri:0, instance:org.muni.fi.pa165.lang_school.DAO.LecturerDAOTest@7ce6a65d]" name="springTestContextAfterTestMethod" is-config="true" duration-ms="2" started-at="2016-11-21T21:06:47Z" finished-at="2016-11-21T21:06:47Z">
          <params>
            <param index="0">
              <value>
                <![CDATA[public void org.muni.fi.pa165.lang_school.DAO.LecturerDAOTest.testReadById()]]>
              </value>
            </param>
          </params>
          <reporter-output>
          </reporter-output>
        </test-method> <!-- springTestContextAfterTestMethod -->
        <test-method status="PASS" signature="springTestContextBeforeTestMethod(java.lang.reflect.Method)[pri:0, instance:org.muni.fi.pa165.lang_school.DAO.LecturerDAOTest@7ce6a65d]" name="springTestContextBeforeTestMethod" is-config="true" duration-ms="2" started-at="2016-11-21T21:06:47Z" finished-at="2016-11-21T21:06:47Z">
          <params>
            <param index="0">
              <value>
                <![CDATA[public void org.muni.fi.pa165.lang_school.DAO.LecturerDAOTest.testReadByNullId()]]>
              </value>
            </param>
          </params>
          <reporter-output>
          </reporter-output>
        </test-method> <!-- springTestContextBeforeTestMethod -->
        <test-method status="PASS" signature="testReadByNullId()[pri:0, instance:org.muni.fi.pa165.lang_school.DAO.LecturerDAOTest@7ce6a65d]" name="testReadByNullId" duration-ms="1" started-at="2016-11-21T21:06:47Z" finished-at="2016-11-21T21:06:47Z">
          <reporter-output>
          </reporter-output>
        </test-method> <!-- testReadByNullId -->
        <test-method status="PASS" signature="init()[pri:0, instance:org.muni.fi.pa165.lang_school.DAO.LecturerDAOTest@7ce6a65d]" name="init" is-config="true" duration-ms="0" started-at="2016-11-21T21:06:47Z" finished-at="2016-11-21T21:06:47Z">
          <reporter-output>
          </reporter-output>
        </test-method> <!-- init -->
        <test-method status="PASS" signature="springTestContextAfterTestMethod(java.lang.reflect.Method)[pri:0, instance:org.muni.fi.pa165.lang_school.DAO.LecturerDAOTest@7ce6a65d]" name="springTestContextAfterTestMethod" is-config="true" duration-ms="1" started-at="2016-11-21T21:06:47Z" finished-at="2016-11-21T21:06:47Z">
          <params>
            <param index="0">
              <value>
                <![CDATA[public void org.muni.fi.pa165.lang_school.DAO.LecturerDAOTest.testReadByNullId()]]>
              </value>
            </param>
          </params>
          <reporter-output>
          </reporter-output>
        </test-method> <!-- springTestContextAfterTestMethod -->
        <test-method status="PASS" signature="springTestContextBeforeTestMethod(java.lang.reflect.Method)[pri:0, instance:org.muni.fi.pa165.lang_school.DAO.LecturerDAOTest@7ce6a65d]" name="springTestContextBeforeTestMethod" is-config="true" duration-ms="2" started-at="2016-11-21T21:06:47Z" finished-at="2016-11-21T21:06:47Z">
          <params>
            <param index="0">
              <value>
                <![CDATA[public void org.muni.fi.pa165.lang_school.DAO.LecturerDAOTest.testUpdateLecturer()]]>
              </value>
            </param>
          </params>
          <reporter-output>
          </reporter-output>
        </test-method> <!-- springTestContextBeforeTestMethod -->
        <test-method status="PASS" signature="testUpdateLecturer()[pri:0, instance:org.muni.fi.pa165.lang_school.DAO.LecturerDAOTest@7ce6a65d]" name="testUpdateLecturer" duration-ms="9" started-at="2016-11-21T21:06:47Z" finished-at="2016-11-21T21:06:47Z">
          <reporter-output>
          </reporter-output>
        </test-method> <!-- testUpdateLecturer -->
        <test-method status="PASS" signature="init()[pri:0, instance:org.muni.fi.pa165.lang_school.DAO.LecturerDAOTest@7ce6a65d]" name="init" is-config="true" duration-ms="0" started-at="2016-11-21T21:06:47Z" finished-at="2016-11-21T21:06:47Z">
          <reporter-output>
          </reporter-output>
        </test-method> <!-- init -->
        <test-method status="PASS" signature="springTestContextAfterTestMethod(java.lang.reflect.Method)[pri:0, instance:org.muni.fi.pa165.lang_school.DAO.LecturerDAOTest@7ce6a65d]" name="springTestContextAfterTestMethod" is-config="true" duration-ms="2" started-at="2016-11-21T21:06:47Z" finished-at="2016-11-21T21:06:47Z">
          <params>
            <param index="0">
              <value>
                <![CDATA[public void org.muni.fi.pa165.lang_school.DAO.LecturerDAOTest.testUpdateLecturer()]]>
              </value>
            </param>
          </params>
          <reporter-output>
          </reporter-output>
        </test-method> <!-- springTestContextAfterTestMethod -->
        <test-method status="PASS" signature="springTestContextBeforeTestMethod(java.lang.reflect.Method)[pri:0, instance:org.muni.fi.pa165.lang_school.DAO.LecturerDAOTest@7ce6a65d]" name="springTestContextBeforeTestMethod" is-config="true" duration-ms="2" started-at="2016-11-21T21:06:47Z" finished-at="2016-11-21T21:06:47Z">
          <params>
            <param index="0">
              <value>
                <![CDATA[public void org.muni.fi.pa165.lang_school.DAO.LecturerDAOTest.testUpdateNullLecturer()]]>
              </value>
            </param>
          </params>
          <reporter-output>
          </reporter-output>
        </test-method> <!-- springTestContextBeforeTestMethod -->
        <test-method status="PASS" signature="init()[pri:0, instance:org.muni.fi.pa165.lang_school.DAO.LecturerDAOTest@7ce6a65d]" name="init" is-config="true" duration-ms="0" started-at="2016-11-21T21:06:47Z" finished-at="2016-11-21T21:06:47Z">
          <reporter-output>
          </reporter-output>
        </test-method> <!-- init -->
        <test-method status="PASS" signature="springTestContextAfterTestMethod(java.lang.reflect.Method)[pri:0, instance:org.muni.fi.pa165.lang_school.DAO.LecturerDAOTest@7ce6a65d]" name="springTestContextAfterTestMethod" is-config="true" duration-ms="1" started-at="2016-11-21T21:06:47Z" finished-at="2016-11-21T21:06:47Z">
          <params>
            <param index="0">
              <value>
                <![CDATA[public void org.muni.fi.pa165.lang_school.DAO.LecturerDAOTest.testUpdateNullLecturer()]]>
              </value>
            </param>
          </params>
          <reporter-output>
          </reporter-output>
        </test-method> <!-- springTestContextAfterTestMethod -->
        <test-method status="PASS" signature="testUpdateNullLecturer()[pri:0, instance:org.muni.fi.pa165.lang_school.DAO.LecturerDAOTest@7ce6a65d]" name="testUpdateNullLecturer" duration-ms="0" started-at="2016-11-21T21:06:47Z" finished-at="2016-11-21T21:06:47Z">
          <reporter-output>
          </reporter-output>
        </test-method> <!-- testUpdateNullLecturer -->
        <test-method status="PASS" signature="springTestContextAfterTestClass()[pri:0, instance:org.muni.fi.pa165.lang_school.DAO.LecturerDAOTest@7ce6a65d]" name="springTestContextAfterTestClass" is-config="true" duration-ms="0" started-at="2016-11-21T21:06:47Z" finished-at="2016-11-21T21:06:47Z">
          <reporter-output>
          </reporter-output>
        </test-method> <!-- springTestContextAfterTestClass -->
      </class> <!-- org.muni.fi.pa165.lang_school.DAO.LecturerDAOTest -->
    </test> <!-- Surefire test -->
  </suite> <!-- Surefire suite -->
</testng-results>
